#
# A fatal error has been detected by the Java Runtime Environment:
#
#  SIGSEGV (0xb) at pc=0xb64f0e48, pid=20614, tid=20615
#
# JRE version: OpenJDK Runtime Environment (9.0) (build 9-internal+0-2016-04-14-195526.buildd.src)
# Java VM: OpenJDK Server VM (9-internal+0-2016-04-14-195526.buildd.src, mixed mode, tiered, g1 gc, linux-x86)
# Problematic frame:
# C  [libjava.so+0x18e48]  JNU_GetEnv+0x18
#
# No core dump will be written. Core dumps have been disabled. To enable core dumping, try "ulimit -c unlimited" before starting Java again
#
# If you would like to submit a bug report, please visit:
#   http://bugreport.java.com/bugreport/crash.jsp
# The crash happened outside the Java Virtual Machine in native code.
# See problematic frame for where to report the bug.
#

---------------  S U M M A R Y ------------

Command Line: DialogBoxDemo1

Host: Intel(R) Core(TM) Duo CPU      L2400  @ 1.66GHz, 2 cores, 1G, Trisquel GNU/Linux 8.0, Flidas
Time: Thu Nov  1 21:40:10 2018 CDT elapsed time: 6 seconds (0d 0h 0m 6s)

---------------  T H R E A D  ---------------

Current thread (0xb650b800):  JavaThread "main" [_thread_in_native, id=20615, stack(0xb661b000,0xb666c000)]

Stack: [0xb661b000,0xb666c000],  sp=0xb666a0bc,  free space=316k
Native frames: (J=compiled Java code, j=interpreted, Vv=VM code, C=native code)
C  [libjava.so+0x18e48]  JNU_GetEnv+0x18
C  [libfontmanager.so+0x2faf5]
C  [libfreetype.so.6+0xf4dc]  FT_Stream_Seek+0x1c

Java frames: (J=compiled Java code, j=interpreted, Vv=VM code)
j  sun.font.FreetypeFontScaler.initNativeScaler(Lsun/font/Font2D;IIZI)J+0 java.desktop@9-internal
j  sun.font.FreetypeFontScaler.<init>(Lsun/font/Font2D;IZI)V+26 java.desktop@9-internal
v  ~StubRoutines::call_stub
j  sun.reflect.NativeConstructorAccessorImpl.newInstance0(Ljava/lang/reflect/Constructor;[Ljava/lang/Object;)Ljava/lang/Object;+0 java.base@9-internal
j  sun.reflect.NativeConstructorAccessorImpl.newInstance([Ljava/lang/Object;)Ljava/lang/Object;+85 java.base@9-internal
j  sun.reflect.DelegatingConstructorAccessorImpl.newInstance([Ljava/lang/Object;)Ljava/lang/Object;+5 java.base@9-internal
j  java.lang.reflect.Constructor.newInstance([Ljava/lang/Object;)Ljava/lang/Object;+65 java.base@9-internal
j  sun.font.FontScaler.getScaler(Lsun/font/Font2D;IZI)Lsun/font/FontScaler;+39 java.desktop@9-internal
j  sun.font.TrueTypeFont.getScaler()Lsun/font/FontScaler;+21 java.desktop@9-internal
j  sun.font.FileFontStrike.<init>(Lsun/font/FileFont;Lsun/font/FontStrikeDesc;)V+204 java.desktop@9-internal
j  sun.font.FileFont.createStrike(Lsun/font/FontStrikeDesc;)Lsun/font/FontStrike;+18 java.desktop@9-internal
j  sun.font.Font2D.getStrike(Lsun/font/FontStrikeDesc;Z)Lsun/font/FontStrike;+92 java.desktop@9-internal
j  sun.font.Font2D.getStrike(Lsun/font/FontStrikeDesc;)Lsun/font/FontStrike;+3 java.desktop@9-internal
j  sun.font.CompositeStrike.getStrikeForSlot(I)Lsun/font/PhysicalStrike;+23 java.desktop@9-internal
j  sun.font.CompositeStrike.getFontMetrics()Lsun/font/StrikeMetrics;+31 java.desktop@9-internal
j  sun.font.FontDesignMetrics.initMatrixAndMetrics()V+28 java.desktop@9-internal
j  sun.font.FontDesignMetrics.<init>(Ljava/awt/Font;Ljava/awt/font/FontRenderContext;)V+62 java.desktop@9-internal
j  sun.font.FontDesignMetrics.getMetrics(Ljava/awt/Font;Ljava/awt/font/FontRenderContext;)Lsun/font/FontDesignMetrics;+128 java.desktop@9-internal
j  sun.swing.SwingUtilities2.getFontMetrics(Ljavax/swing/JComponent;Ljava/awt/Font;)Ljava/awt/FontMetrics;+15 java.desktop@9-internal
j  javax.swing.JComponent.getFontMetrics(Ljava/awt/Font;)Ljava/awt/FontMetrics;+2 java.desktop@9-internal
j  javax.swing.plaf.basic.BasicGraphicsUtils.getPreferredButtonSize(Ljavax/swing/AbstractButton;I)Ljava/awt/Dimension;+28 java.desktop@9-internal
j  javax.swing.plaf.basic.BasicButtonUI.getPreferredSize(Ljavax/swing/JComponent;)Ljava/awt/Dimension;+10 java.desktop@9-internal
j  javax.swing.plaf.basic.BasicButtonUI.getMinimumSize(Ljavax/swing/JComponent;)Ljava/awt/Dimension;+2 java.desktop@9-internal
j  javax.swing.JComponent.getMinimumSize()Ljava/awt/Dimension;+26 java.desktop@9-internal
j  javax.swing.plaf.basic.BasicOptionPaneUI.addButtonComponents(Ljava/awt/Container;[Ljava/lang/Object;I)V+242 java.desktop@9-internal
j  javax.swing.plaf.basic.BasicOptionPaneUI.createButtonArea()Ljava/awt/Container;+103 java.desktop@9-internal
j  javax.swing.plaf.basic.BasicOptionPaneUI.installComponents()V+35 java.desktop@9-internal
j  javax.swing.plaf.basic.BasicOptionPaneUI.installUI(Ljavax/swing/JComponent;)V+24 java.desktop@9-internal
j  javax.swing.JComponent.setUI(Ljavax/swing/plaf/ComponentUI;)V+52 java.desktop@9-internal
j  javax.swing.JOptionPane.setUI(Ljavax/swing/plaf/OptionPaneUI;)V+10 java.desktop@9-internal
j  javax.swing.JOptionPane.updateUI()V+8 java.desktop@9-internal
j  javax.swing.JOptionPane.<init>(Ljava/lang/Object;IILjavax/swing/Icon;[Ljava/lang/Object;Ljava/lang/Object;)V+52 java.desktop@9-internal
j  javax.swing.JOptionPane.showInputDialog(Ljava/awt/Component;Ljava/lang/Object;Ljava/lang/String;ILjavax/swing/Icon;[Ljava/lang/Object;Ljava/lang/Object;)Ljava/lang/Object;+11 java.desktop@9-internal
j  javax.swing.JOptionPane.showInputDialog(Ljava/awt/Component;Ljava/lang/Object;Ljava/lang/String;I)Ljava/lang/String;+7 java.desktop@9-internal
j  javax.swing.JOptionPane.showInputDialog(Ljava/awt/Component;Ljava/lang/Object;)Ljava/lang/String;+9 java.desktop@9-internal
j  DialogBoxDemo1.main([Ljava/lang/String;)V+3
v  ~StubRoutines::call_stub

siginfo: si_signo: 11 (SIGSEGV), si_code: 1 (SEGV_MAPERR), si_addr: 0x00000000

Register to memory mapping:

EAX=0x00000000 is an unknown value
EBX=0x842a2000: <offset 0x000c4000> in /usr/lib/jvm/java-9-openjdk-i386/lib/i386/libfontmanager.so at 0x841de000
ECX=0x00010002 is an unknown value
EDX=0x00000000 is an unknown value
ESP=0xb666a0bc is pointing into the stack for thread: 0xb650b800
EBP=0xb666a0d8 is pointing into the stack for thread: 0xb650b800
ESI=0x00000000 is an unknown value
EDI=0x00000000 is an unknown value


Registers:
EAX=0x00000000, EBX=0x842a2000, ECX=0x00010002, EDX=0x00000000
ESP=0xb666a0bc, EBP=0xb666a0d8, ESI=0x00000000, EDI=0x00000000
EIP=0xb64f0e48, EFLAGS=0x00010246, CR2=0x0000000000000000

Top of Stack: (sp=0xb666a0bc)
0xb666a0bc:   00000000 b666a108 b7748010 841a4ce0
0xb666a0cc:   6ac07900 00000000 847d7ed8 b666a108
0xb666a0dc:   8420daf5 00000000 00010002 b650003c
0xb666a0ec:   83ff808c b7757000 847d8188 8413c0b9
0xb666a0fc:   83ff7ff0 00000000 00000000 83f11230
0xb666a10c:   8413d4dc 83ff7ff0 00000000 00000000
0xb666a11c:   00000000 b770c000 841dd000 83ff7ff0
0xb666a12c:   841512b8 83ff7ff0 00000000 0000000c 

Instructions: (pc=0xb64f0e48)
0xb64f0e28:   ff eb f3 90 8d 74 26 00 55 89 e5 83 ec 1c 8b 45
0xb64f0e38:   08 65 8b 15 14 00 00 00 89 55 f4 31 d2 8b 4d 0c
0xb64f0e48:   8b 10 51 8d 4d f0 51 50 ff 52 18 8b 45 f0 8b 4d
0xb64f0e58:   f4 65 33 0d 14 00 00 00 75 02 c9 c3 e8 c7 5b 00 


---------------  P R O C E S S  ---------------

Java Threads: ( => current thread )
  0xa6ca9c00 JavaThread "SeedGenerator Thread" daemon [_thread_blocked, id=20661, stack(0x84010000,0x84061000)]
  0x83fef000 JavaThread "SeedGenerator Thread" daemon [_thread_in_Java, id=20638, stack(0x83caf000,0x83d00000)]
  0x847f4400 JavaThread "AWT-XAWT" daemon [_thread_in_native, id=20636, stack(0x84061000,0x840b2000)]
  0x847dfc00 JavaThread "Java2D Disposer" daemon [_thread_blocked, id=20635, stack(0x840b2000,0x84103000)]
  0x8474c400 JavaThread "Service Thread" daemon [_thread_blocked, id=20633, stack(0x846af000,0x84700000)]
  0x86aa8800 JavaThread "Common-Cleaner" daemon [_thread_blocked, id=20632, stack(0x84815000,0x84866000)]
  0x86a87800 JavaThread "Sweeper thread" daemon [_thread_blocked, id=20631, stack(0x86467000,0x864b8000)]
  0x86a86000 JavaThread "C1 CompilerThread2" daemon [_thread_blocked, id=20630, stack(0x864b8000,0x86539000)]
  0x86a41000 JavaThread "C2 CompilerThread1" daemon [_thread_blocked, id=20629, stack(0x86539000,0x865ba000)]
  0x86a3dc00 JavaThread "C2 CompilerThread0" daemon [_thread_in_native, id=20628, stack(0x865ba000,0x8663b000)]
  0x86a3c800 JavaThread "Signal Dispatcher" daemon [_thread_blocked, id=20627, stack(0x8663b000,0x8668c000)]
  0x86a3b000 JavaThread "Surrogate Locker Thread (Concurrent GC)" daemon [_thread_blocked, id=20626, stack(0x8668c000,0x866dd000)]
  0x86a28400 JavaThread "Finalizer" daemon [_thread_blocked, id=20625, stack(0x868dd000,0x8692e000)]
  0x86a20c00 JavaThread "Reference Handler" daemon [_thread_blocked, id=20624, stack(0x8692e000,0x8697f000)]
=>0xb650b800 JavaThread "main" [_thread_in_native, id=20615, stack(0xb661b000,0xb666c000)]

Other Threads:
  0x86a1bc00 VMThread [stack: 0x8697f000,0x86a00000] [id=20623]
  0x8474e400 WatcherThread [stack: 0x8462e000,0x846af000] [id=20634]

Threads with active compile tasks:
C2 CompilerThread0 501       4       java.util.HashMap::putVal (300 bytes)

VM state:not at safepoint (normal execution)

VM Mutex/Monitor currently owned by a thread: None

Heap:
 garbage-first heap   total 32768K, used 4211K [0x88200000, 0x88300080, 0xa6a00000)
  region size 1024K, 5 young (5120K), 1 survivors (1024K)
 Metaspace       used 6923K, capacity 7300K, committed 7320K, reserved 7472K

Heap Regions: E=young(eden), S=young(survivor), O=old, HS=humongous(starts), HC=humongous(continues), CS=collection set, F=free, A=archive, TS=gc time stamp, AC=allocation context, TAMS=top-at-mark-start (previous, next)
|   0|0x88200000, 0x8821cc00, 0x88300000| 11%| O|  |TS  1|AC  0|TAMS 0x88200000, 0x88200000|
|   1|0x88300000, 0x88300000, 0x88400000|  0%| F|  |TS  0|AC  0|TAMS 0x88300000, 0x88300000|
|   2|0x88400000, 0x88400000, 0x88500000|  0%| F|  |TS  0|AC  0|TAMS 0x88400000, 0x88400000|
|   3|0x88500000, 0x88500000, 0x88600000|  0%| F|  |TS  0|AC  0|TAMS 0x88500000, 0x88500000|
|   4|0x88600000, 0x88600000, 0x88700000|  0%| F|  |TS  0|AC  0|TAMS 0x88600000, 0x88600000|
|   5|0x88700000, 0x88700000, 0x88800000|  0%| F|  |TS  0|AC  0|TAMS 0x88700000, 0x88700000|
|   6|0x88800000, 0x88800000, 0x88900000|  0%| F|  |TS  0|AC  0|TAMS 0x88800000, 0x88800000|
|   7|0x88900000, 0x88900000, 0x88a00000|  0%| F|  |TS  0|AC  0|TAMS 0x88900000, 0x88900000|
|   8|0x88a00000, 0x88a00000, 0x88b00000|  0%| F|  |TS  0|AC  0|TAMS 0x88a00000, 0x88a00000|
|   9|0x88b00000, 0x88b00000, 0x88c00000|  0%| F|  |TS  0|AC  0|TAMS 0x88b00000, 0x88b00000|
|  10|0x88c00000, 0x88c00000, 0x88d00000|  0%| F|  |TS  0|AC  0|TAMS 0x88c00000, 0x88c00000|
|  11|0x88d00000, 0x88d00000, 0x88e00000|  0%| F|  |TS  0|AC  0|TAMS 0x88d00000, 0x88d00000|
|  12|0x88e00000, 0x88e00000, 0x88f00000|  0%| F|  |TS  0|AC  0|TAMS 0x88e00000, 0x88e00000|
|  13|0x88f00000, 0x88f00000, 0x89000000|  0%| F|  |TS  0|AC  0|TAMS 0x88f00000, 0x88f00000|
|  14|0x89000000, 0x89000000, 0x89100000|  0%| F|  |TS  0|AC  0|TAMS 0x89000000, 0x89000000|
|  15|0x89100000, 0x89100000, 0x89200000|  0%| F|  |TS  0|AC  0|TAMS 0x89100000, 0x89100000|
|  16|0x89200000, 0x89200000, 0x89300000|  0%| F|  |TS  0|AC  0|TAMS 0x89200000, 0x89200000|
|  17|0x89300000, 0x89300000, 0x89400000|  0%| F|  |TS  0|AC  0|TAMS 0x89300000, 0x89300000|
|  18|0x89400000, 0x89400000, 0x89500000|  0%| F|  |TS  0|AC  0|TAMS 0x89400000, 0x89400000|
|  19|0x89500000, 0x89500000, 0x89600000|  0%| F|  |TS  0|AC  0|TAMS 0x89500000, 0x89500000|
|  20|0x89600000, 0x89600000, 0x89700000|  0%| F|  |TS  0|AC  0|TAMS 0x89600000, 0x89600000|
|  21|0x89700000, 0x89700000, 0x89800000|  0%| F|  |TS  0|AC  0|TAMS 0x89700000, 0x89700000|
|  22|0x89800000, 0x89800000, 0x89900000|  0%| F|  |TS  0|AC  0|TAMS 0x89800000, 0x89800000|
|  23|0x89900000, 0x89900000, 0x89a00000|  0%| F|  |TS  0|AC  0|TAMS 0x89900000, 0x89900000|
|  24|0x89a00000, 0x89a00000, 0x89b00000|  0%| F|  |TS  0|AC  0|TAMS 0x89a00000, 0x89a00000|
|  25|0x89b00000, 0x89b00000, 0x89c00000|  0%| F|  |TS  0|AC  0|TAMS 0x89b00000, 0x89b00000|
|  26|0x89c00000, 0x89c00000, 0x89d00000|  0%| F|  |TS  0|AC  0|TAMS 0x89c00000, 0x89c00000|
|  27|0x89d00000, 0x89d5bad0, 0x89e00000| 35%| E|  |TS  0|AC  0|TAMS 0x89d00000, 0x89d00000|
|  28|0x89e00000, 0x89f00000, 0x89f00000|100%| S|CS|TS  1|AC  0|TAMS 0x89e00000, 0x89e00000|
|  29|0x89f00000, 0x8a000000, 0x8a000000|100%| E|CS|TS  0|AC  0|TAMS 0x89f00000, 0x89f00000|
|  30|0x8a000000, 0x8a100000, 0x8a100000|100%| E|CS|TS  0|AC  0|TAMS 0x8a000000, 0x8a000000|
|  31|0x8a100000, 0x8a200000, 0x8a200000|100%| E|CS|TS  0|AC  0|TAMS 0x8a100000, 0x8a100000|

Card table byte_map: [0x88018000,0x8810c000] byte_map_base: 0x87bd7000

Marking Bits (Prev, Next): (CMBitMap*) 0xb6543c2c, (CMBitMap*) 0xb6543c58
 Prev Bits: [0x87784000, 0x87f24000)
 Next Bits: [0x86fe4000, 0x87784000)

Polling page: 0xb6611000

CodeHeap 'non-nmethods': size=5412Kb used=750Kb max_used=772Kb free=4661Kb
 bounds [0xa72cf000, 0xa750f000, 0xa7818000]
CodeHeap 'profiled nmethods': size=120172Kb used=722Kb max_used=722Kb free=119449Kb
 bounds [0xa7818000, 0xa7a58000, 0xaed73000]
CodeHeap 'non-profiled nmethods': size=120176Kb used=131Kb max_used=131Kb free=120045Kb
 bounds [0xaed73000, 0xaefb3000, 0xb62cf000]
 total_blobs=909 nmethods=518 adapters=180
 compilation: enabled

Compilation events (10 events):
Event: 6.270 Thread 0x86a86000  515       3       java.lang.StringLatin1::getChars (12 bytes)
Event: 6.271 Thread 0x86a86000 nmethod 515 0xa78cb588 code [0xa78cb6c0, 0xa78cb8a0]
Event: 6.271 Thread 0x86a86000  516       3       java.io.Writer::write (11 bytes)
Event: 6.271 Thread 0x86a86000 nmethod 516 0xa78cbb08 code [0xa78cbc40, 0xa78cbf4c]
Event: 6.274 Thread 0x86a86000  518       3       java.nio.HeapByteBuffer::_get (7 bytes)
Event: 6.275 Thread 0x86a86000 nmethod 518 0xa78cc088 code [0xa78cc1a0, 0xa78cc2a0]
Event: 6.282 Thread 0x86a41000 nmethod 509 0xaed93208 code [0xaed93340, 0xaed93770]
Event: 6.283 Thread 0x86a86000  519       1       java.nio.Buffer::position (5 bytes)
Event: 6.283 Thread 0x86a86000 nmethod 519 0xaed93a08 code [0xaed93b00, 0xaed93ba0]
Event: 6.286 Thread 0x86a86000  520       3       java.lang.Class::reflectionData (49 bytes)

GC Heap History (2 events):
Event: 0.808 GC heap before
{Heap before GC invocations=0 (full 0):
 garbage-first heap   total 32768K, used 3072K [0x88200000, 0x88300080, 0xa6a00000)
  region size 1024K, 3 young (3072K), 0 survivors (0K)
 Metaspace       used 4822K, capacity 5020K, committed 5144K, reserved 5424K
}
Event: 0.817 GC heap after
{Heap after GC invocations=1 (full 0):
 garbage-first heap   total 32768K, used 1139K [0x88200000, 0x88300080, 0xa6a00000)
  region size 1024K, 1 young (1024K), 1 survivors (1024K)
 Metaspace       used 4822K, capacity 5020K, committed 5144K, reserved 5424K
}

Deoptimization events (10 events):
Event: 0.160 Thread 0xb650b800 Uncommon trap: reason=unstable_if action=reinterpret pc=0xaed74624 method=java.lang.String.hashCode()I @ 12
Event: 1.005 Thread 0xb650b800 Uncommon trap: reason=unstable_if action=reinterpret pc=0xaed7bc34 method=java.util.HashMap.hash(Ljava/lang/Object;)I @ 1
Event: 1.011 Thread 0xb650b800 Uncommon trap: reason=unstable_if action=reinterpret pc=0xaed7bee0 method=java.util.HashMap.hash(Ljava/lang/Object;)I @ 1
Event: 1.031 Thread 0xb650b800 Uncommon trap: reason=unstable_fused_if action=reinterpret pc=0xaed8c1a0 method=java.util.HashMap.resize()[Ljava/util/HashMap$Node; @ 31
Event: 1.174 Thread 0xb650b800 Uncommon trap: reason=class_check action=maybe_recompile pc=0xaed7a970 method=java.util.HashMap.putVal(ILjava/lang/Object;Ljava/lang/Object;ZZ)Ljava/lang/Object; @ 253
Event: 1.175 Thread 0xb650b800 Uncommon trap: reason=class_check action=maybe_recompile pc=0xaed7a970 method=java.util.HashMap.putVal(ILjava/lang/Object;Ljava/lang/Object;ZZ)Ljava/lang/Object; @ 253
Event: 1.175 Thread 0xb650b800 Uncommon trap: reason=class_check action=maybe_recompile pc=0xaed7a970 method=java.util.HashMap.putVal(ILjava/lang/Object;Ljava/lang/Object;ZZ)Ljava/lang/Object; @ 253
Event: 1.175 Thread 0xb650b800 Uncommon trap: reason=class_check action=maybe_recompile pc=0xaed7a970 method=java.util.HashMap.putVal(ILjava/lang/Object;Ljava/lang/Object;ZZ)Ljava/lang/Object; @ 253
Event: 1.433 Thread 0x83fef000 Uncommon trap: reason=unstable_if action=reinterpret pc=0xaed8feac method=sun.security.provider.SeedGenerator$ThreadedSeedGenerator.run()V @ 120
Event: 6.233 Thread 0xb650b800 Uncommon trap: reason=unstable_if action=reinterpret pc=0xaed85a70 method=java.lang.String.equals(Ljava/lang/Object;)Z @ 27

Classes redefined (0 events):
No events

Internal exceptions (7 events):
Event: 0.374 Thread 0xb650b800 Exception <a 'java/lang/ClassNotFoundException': sun/awt/resources/awtProvider> (0x8a0ffa48) thrown at [/build/openjdk-9-GMfJKp/openjdk-9-9~b114/src/hotspot/src/share/vm/classfile/systemDictionary.cpp, line 224]
Event: 0.467 Thread 0xb650b800 Exception <a 'java/io/FileNotFoundException'> (0x89f39030) thrown at [/build/openjdk-9-GMfJKp/openjdk-9-9~b114/src/hotspot/src/share/vm/prims/jni.cpp, line 605]
Event: 0.469 Thread 0xb650b800 Exception <a 'java/io/FileNotFoundException'> (0x89f40818) thrown at [/build/openjdk-9-GMfJKp/openjdk-9-9~b114/src/hotspot/src/share/vm/prims/jni.cpp, line 605]
Event: 0.925 Thread 0xb650b800 Exception <a 'java/lang/ClassNotFoundException': com/sun/swing/internal/plaf/metal/resources/metalProvider> (0x8a033b88) thrown at [/build/openjdk-9-GMfJKp/openjdk-9-9~b114/src/hotspot/src/share/vm/classfile/systemDictionary.cpp, line 224]
Event: 0.927 Thread 0xb650b800 Exception <a 'java/lang/ClassNotFoundException': com/sun/swing/internal/plaf/basic/resources/basicProvider> (0x8a036d70) thrown at [/build/openjdk-9-GMfJKp/openjdk-9-9~b114/src/hotspot/src/share/vm/classfile/systemDictionary.cpp, line 224]
Event: 1.005 Thread 0xb650b800 Implicit null exception at 0xaed7bbbd to 0xaed7bc2a
Event: 1.011 Thread 0xb650b800 Implicit null exception at 0xaed7be8b to 0xaed7bed0

Events (10 events):
Event: 6.276 loading class sun/nio/cs/UTF_16$Decoder
Event: 6.276 loading class sun/nio/cs/UnicodeDecoder
Event: 6.282 loading class sun/nio/cs/UnicodeDecoder done
Event: 6.282 loading class sun/nio/cs/UTF_16$Decoder done
Event: 6.283 loading class sun/font/FileFontStrike
Event: 6.284 loading class sun/font/FileFontStrike done
Event: 6.284 loading class sun/font/FontScaler
Event: 6.284 loading class sun/font/FontScaler done
Event: 6.285 loading class sun/font/FreetypeFontScaler
Event: 6.285 loading class sun/font/FreetypeFontScaler done


Dynamic libraries:
08048000-08049000 r-xp 00000000 08:01 265432     /usr/lib/jvm/java-9-openjdk-i386/bin/java
08049000-0804a000 r--p 00000000 08:01 265432     /usr/lib/jvm/java-9-openjdk-i386/bin/java
0804a000-0804b000 rw-p 00001000 08:01 265432     /usr/lib/jvm/java-9-openjdk-i386/bin/java
0a01a000-0a0e9000 rw-p 00000000 00:00 0          [heap]
83800000-83829000 rw-p 00000000 00:00 0 
83829000-83900000 ---p 00000000 00:00 0 
83900000-83946000 rw-p 00000000 00:00 0 
83946000-83a00000 ---p 00000000 00:00 0 
83a00000-83ae9000 rw-p 00000000 00:00 0 
83ae9000-83b00000 ---p 00000000 00:00 0 
83be3000-83be7000 ---p 00000000 00:00 0 
83be7000-83c34000 rw-p 00000000 00:00 0 
83c34000-83c38000 ---p 00000000 00:00 0 
83c38000-83c85000 rw-p 00000000 00:00 0 
83c85000-83c8d000 r--s 00000000 08:01 1313360    /var/cache/fontconfig/945677eb7aeaf62f1d50efc3fb3ec7d8-le32d4.cache-6
83caf000-83cb3000 ---p 00000000 00:00 0 
83cb3000-83de0000 rw-p 00000000 00:00 0 
83de0000-83e00000 ---p 00000000 00:00 0 
83e00000-83f00000 rw-p 00000000 00:00 0 
83f00000-83ffa000 rw-p 00000000 00:00 0 
83ffa000-84000000 ---p 00000000 00:00 0 
84007000-84010000 r--s 00000000 08:01 1313325    /var/cache/fontconfig/6d41288fd70b0be22e8c3a91e032eec0-le32d4.cache-6
84010000-84014000 ---p 00000000 00:00 0 
84014000-84061000 rw-p 00000000 00:00 0 
84061000-84065000 ---p 00000000 00:00 0 
84065000-840b2000 rw-p 00000000 00:00 0 
840b2000-840b6000 ---p 00000000 00:00 0 
840b6000-84103000 rw-p 00000000 00:00 0 
84103000-8412c000 r-xp 00000000 08:01 52102      /lib/i386-linux-gnu/libpng12.so.0.54.0
8412c000-8412d000 r--p 00028000 08:01 52102      /lib/i386-linux-gnu/libpng12.so.0.54.0
8412d000-8412e000 rw-p 00029000 08:01 52102      /lib/i386-linux-gnu/libpng12.so.0.54.0
8412e000-841d9000 r-xp 00000000 08:01 1307       /usr/lib/i386-linux-gnu/libfreetype.so.6.12.1
841d9000-841dd000 r--p 000aa000 08:01 1307       /usr/lib/i386-linux-gnu/libfreetype.so.6.12.1
841dd000-841de000 rw-p 000ae000 08:01 1307       /usr/lib/i386-linux-gnu/libfreetype.so.6.12.1
841de000-842a0000 r-xp 00000000 08:01 265449     /usr/lib/jvm/java-9-openjdk-i386/lib/i386/libfontmanager.so
842a0000-842a2000 r--p 000c1000 08:01 265449     /usr/lib/jvm/java-9-openjdk-i386/lib/i386/libfontmanager.so
842a2000-842a3000 rw-p 000c3000 08:01 265449     /usr/lib/jvm/java-9-openjdk-i386/lib/i386/libfontmanager.so
842a3000-843a3000 rw-p 00000000 00:00 0 
843a3000-843c7000 r-xp 00000000 08:01 7409       /usr/lib/i386-linux-gnu/libxcb.so.1.1.0
843c7000-843c8000 r--p 00023000 08:01 7409       /usr/lib/i386-linux-gnu/libxcb.so.1.1.0
843c8000-843c9000 rw-p 00024000 08:01 7409       /usr/lib/i386-linux-gnu/libxcb.so.1.1.0
843c9000-8450f000 r-xp 00000000 08:01 7417       /usr/lib/i386-linux-gnu/libX11.so.6.3.0
8450f000-84510000 ---p 00146000 08:01 7417       /usr/lib/i386-linux-gnu/libX11.so.6.3.0
84510000-84511000 r--p 00146000 08:01 7417       /usr/lib/i386-linux-gnu/libX11.so.6.3.0
84511000-84513000 rw-p 00147000 08:01 7417       /usr/lib/i386-linux-gnu/libX11.so.6.3.0
84513000-84514000 rw-p 00000000 00:00 0 
84514000-84568000 r-xp 00000000 08:01 265480     /usr/lib/jvm/java-9-openjdk-i386/lib/i386/libawt_xawt.so
84568000-84569000 r--p 00053000 08:01 265480     /usr/lib/jvm/java-9-openjdk-i386/lib/i386/libawt_xawt.so
84569000-8456b000 rw-p 00054000 08:01 265480     /usr/lib/jvm/java-9-openjdk-i386/lib/i386/libawt_xawt.so
8456b000-8456c000 rw-p 00000000 00:00 0 
8456c000-84602000 r-xp 00000000 08:01 265448     /usr/lib/jvm/java-9-openjdk-i386/lib/i386/libawt.so
84602000-84603000 r--p 00095000 08:01 265448     /usr/lib/jvm/java-9-openjdk-i386/lib/i386/libawt.so
84603000-8460a000 rw-p 00096000 08:01 265448     /usr/lib/jvm/java-9-openjdk-i386/lib/i386/libawt.so
8460a000-8462e000 rw-p 00000000 00:00 0 
8462e000-8462f000 ---p 00000000 00:00 0 
8462f000-846af000 rw-p 00000000 00:00 0 
846af000-846b3000 ---p 00000000 00:00 0 
846b3000-84700000 rw-p 00000000 00:00 0 
84700000-847fc000 rw-p 00000000 00:00 0 
847fc000-84800000 ---p 00000000 00:00 0 
84800000-84809000 r--s 00000000 08:01 1315506    /var/cache/fontconfig/d589a48862398ed80a3d6066f4f56f4c-le32d4.cache-6
84809000-84813000 r-xp 00000000 08:01 11485      /usr/lib/i386-linux-gnu/libXcursor.so.1.0.2
84813000-84814000 r--p 00009000 08:01 11485      /usr/lib/i386-linux-gnu/libXcursor.so.1.0.2
84814000-84815000 rw-p 0000a000 08:01 11485      /usr/lib/i386-linux-gnu/libXcursor.so.1.0.2
84815000-84819000 ---p 00000000 00:00 0 
84819000-86467000 rw-p 00000000 00:00 0 
86467000-8646b000 ---p 00000000 00:00 0 
8646b000-864b8000 rw-p 00000000 00:00 0 
864b8000-864bc000 ---p 00000000 00:00 0 
864bc000-86539000 rw-p 00000000 00:00 0 
86539000-8653d000 ---p 00000000 00:00 0 
8653d000-865ba000 rw-p 00000000 00:00 0 
865ba000-865be000 ---p 00000000 00:00 0 
865be000-8663b000 rw-p 00000000 00:00 0 
8663b000-8663f000 ---p 00000000 00:00 0 
8663f000-8668c000 rw-p 00000000 00:00 0 
8668c000-86690000 ---p 00000000 00:00 0 
86690000-866dd000 rw-p 00000000 00:00 0 
866dd000-868dd000 r--p 00000000 08:01 3770       /usr/lib/locale/locale-archive
868dd000-868e1000 ---p 00000000 00:00 0 
868e1000-8692e000 rw-p 00000000 00:00 0 
8692e000-86932000 ---p 00000000 00:00 0 
86932000-8697f000 rw-p 00000000 00:00 0 
8697f000-86980000 ---p 00000000 00:00 0 
86980000-86a00000 rw-p 00000000 00:00 0 
86a00000-86afd000 rw-p 00000000 00:00 0 
86afd000-86b00000 ---p 00000000 00:00 0 
86b04000-86b15000 r-xp 00000000 08:01 11178      /usr/lib/i386-linux-gnu/libXi.so.6.1.0
86b15000-86b16000 r--p 00010000 08:01 11178      /usr/lib/i386-linux-gnu/libXi.so.6.1.0
86b16000-86b17000 rw-p 00011000 08:01 11178      /usr/lib/i386-linux-gnu/libXi.so.6.1.0
86b17000-86f5d000 rw-p 00000000 00:00 0 
86f5d000-86f63000 ---p 00000000 00:00 0 
86f63000-86f64000 ---p 00000000 00:00 0 
86f64000-87064000 rw-p 00000000 00:00 0 
87064000-87784000 ---p 00000000 00:00 0 
87784000-87804000 rw-p 00000000 00:00 0 
87804000-87f24000 ---p 00000000 00:00 0 
87f24000-87f34000 rw-p 00000000 00:00 0 
87f34000-88018000 ---p 00000000 00:00 0 
88018000-88028000 rw-p 00000000 00:00 0 
88028000-88200000 ---p 00000000 00:00 0 
88200000-8a200000 rw-p 00000000 00:00 0 
8a200000-a6a00000 ---p 00000000 00:00 0 
a6a03000-a6a08000 r-xp 00000000 08:01 9653       /usr/lib/i386-linux-gnu/libXfixes.so.3.1.0
a6a08000-a6a09000 r--p 00004000 08:01 9653       /usr/lib/i386-linux-gnu/libXfixes.so.3.1.0
a6a09000-a6a0a000 rw-p 00005000 08:01 9653       /usr/lib/i386-linux-gnu/libXfixes.so.3.1.0
a6a0a000-a6a0b000 ---p 00000000 00:00 0 
a6a0b000-a6a9b000 rw-p 00000000 00:00 0 
a6a9b000-a6b7f000 ---p 00000000 00:00 0 
a6b7f000-a6b80000 ---p 00000000 00:00 0 
a6b80000-a6c00000 rw-p 00000000 00:00 0 
a6c00000-a6cfc000 rw-p 00000000 00:00 0 
a6cfc000-a6d00000 ---p 00000000 00:00 0 
a6d02000-a6d07000 r-xp 00000000 08:01 7405       /usr/lib/i386-linux-gnu/libXdmcp.so.6.0.0
a6d07000-a6d08000 r--p 00004000 08:01 7405       /usr/lib/i386-linux-gnu/libXdmcp.so.6.0.0
a6d08000-a6d09000 rw-p 00005000 08:01 7405       /usr/lib/i386-linux-gnu/libXdmcp.so.6.0.0
a6d09000-a6d0e000 r-xp 00000000 08:01 11065      /usr/lib/i386-linux-gnu/libXtst.so.6.1.0
a6d0e000-a6d0f000 r--p 00004000 08:01 11065      /usr/lib/i386-linux-gnu/libXtst.so.6.1.0
a6d0f000-a6d10000 rw-p 00005000 08:01 11065      /usr/lib/i386-linux-gnu/libXtst.so.6.1.0
a6d10000-a6d6b000 rw-p 00000000 00:00 0 
a6d6b000-a6d6c000 ---p 00000000 00:00 0 
a6d6c000-a6dec000 rw-p 00000000 00:00 0 
a6dec000-a6ded000 ---p 00000000 00:00 0 
a6ded000-a6e6d000 rw-p 00000000 00:00 0 
a6e6f000-a6e71000 r-xp 00000000 08:01 7401       /usr/lib/i386-linux-gnu/libXau.so.6.0.0
a6e71000-a6e72000 r--p 00001000 08:01 7401       /usr/lib/i386-linux-gnu/libXau.so.6.0.0
a6e72000-a6e73000 rw-p 00002000 08:01 7401       /usr/lib/i386-linux-gnu/libXau.so.6.0.0
a6e73000-a6e7d000 r-xp 00000000 08:01 9657       /usr/lib/i386-linux-gnu/libXrender.so.1.3.0
a6e7d000-a6e7e000 r--p 00009000 08:01 9657       /usr/lib/i386-linux-gnu/libXrender.so.1.3.0
a6e7e000-a6e7f000 rw-p 0000a000 08:01 9657       /usr/lib/i386-linux-gnu/libXrender.so.1.3.0
a6e7f000-a6e80000 ---p 00000000 00:00 0 
a6e80000-a6f00000 rw-p 00000000 00:00 0 
a6f00000-a6f21000 rw-p 00000000 00:00 0 
a6f21000-a7000000 ---p 00000000 00:00 0 
a7000000-a7013000 r-xp 00000000 08:01 7423       /usr/lib/i386-linux-gnu/libXext.so.6.4.0
a7013000-a7014000 r--p 00012000 08:01 7423       /usr/lib/i386-linux-gnu/libXext.so.6.4.0
a7014000-a7015000 rw-p 00013000 08:01 7423       /usr/lib/i386-linux-gnu/libXext.so.6.4.0
a7016000-a7018000 r--s 00000000 08:01 1313349    /var/cache/fontconfig/f24b2111ab8703b4e963115a8cf14259-le32d4.cache-6
a7018000-a701a000 r--s 00000000 08:01 1313387    /var/cache/fontconfig/7ef2298fde41cc6eeb7af42e48b7d293-le32d4.cache-6
a701a000-a7023000 r--s 00000000 08:01 2885300    /home/luke/.cache/fontconfig/251cde63f3993cbc06014d92029d5fba-le32d4.cache-6
a7023000-a7038000 r-xp 00000000 08:01 265450     /usr/lib/jvm/java-9-openjdk-i386/lib/i386/libnet.so
a7038000-a7039000 r--p 00014000 08:01 265450     /usr/lib/jvm/java-9-openjdk-i386/lib/i386/libnet.so
a7039000-a703a000 rw-p 00015000 08:01 265450     /usr/lib/jvm/java-9-openjdk-i386/lib/i386/libnet.so
a703a000-a704b000 r-xp 00000000 08:01 265481     /usr/lib/jvm/java-9-openjdk-i386/lib/i386/libnio.so
a704b000-a704c000 r--p 00010000 08:01 265481     /usr/lib/jvm/java-9-openjdk-i386/lib/i386/libnio.so
a704c000-a704d000 rw-p 00011000 08:01 265481     /usr/lib/jvm/java-9-openjdk-i386/lib/i386/libnio.so
a704d000-a706d000 rw-p 00000000 00:00 0 
a706d000-a706e000 ---p 00000000 00:00 0 
a706e000-a70f3000 rw-p 00000000 00:00 0 
a70f3000-a71d9000 ---p 00000000 00:00 0 
a71d9000-a71de000 rw-p 00000000 00:00 0 
a71de000-a72c4000 ---p 00000000 00:00 0 
a72c4000-a72c9000 rw-p 00000000 00:00 0 
a72c9000-a72cf000 ---p 00000000 00:00 0 
a72cf000-a750f000 rwxp 00000000 00:00 0 
a750f000-a7818000 ---p 00000000 00:00 0 
a7818000-a7a58000 rwxp 00000000 00:00 0 
a7a58000-aed73000 ---p 00000000 00:00 0 
aed73000-aefb3000 rwxp 00000000 00:00 0 
aefb3000-b62cf000 ---p 00000000 00:00 0 
b62cf000-b648a000 r--s 00000000 08:01 265437     /usr/lib/jvm/java-9-openjdk-i386/lib/modules
b648a000-b6491000 r-xp 00000000 08:01 265460     /usr/lib/jvm/java-9-openjdk-i386/lib/i386/libzip.so
b6491000-b6492000 r--p 00006000 08:01 265460     /usr/lib/jvm/java-9-openjdk-i386/lib/i386/libzip.so
b6492000-b6493000 rw-p 00007000 08:01 265460     /usr/lib/jvm/java-9-openjdk-i386/lib/i386/libzip.so
b6493000-b649e000 r-xp 00000000 08:01 52161      /lib/i386-linux-gnu/libnss_files-2.23.so
b649e000-b649f000 r--p 0000a000 08:01 52161      /lib/i386-linux-gnu/libnss_files-2.23.so
b649f000-b64a0000 rw-p 0000b000 08:01 52161      /lib/i386-linux-gnu/libnss_files-2.23.so
b64a0000-b64a6000 rw-p 00000000 00:00 0 
b64a6000-b64b1000 r-xp 00000000 08:01 52164      /lib/i386-linux-gnu/libnss_nis-2.23.so
b64b1000-b64b2000 r--p 0000a000 08:01 52164      /lib/i386-linux-gnu/libnss_nis-2.23.so
b64b2000-b64b3000 rw-p 0000b000 08:01 52164      /lib/i386-linux-gnu/libnss_nis-2.23.so
b64b3000-b64ca000 r-xp 00000000 08:01 52142      /lib/i386-linux-gnu/libnsl-2.23.so
b64ca000-b64cb000 r--p 00016000 08:01 52142      /lib/i386-linux-gnu/libnsl-2.23.so
b64cb000-b64cc000 rw-p 00017000 08:01 52142      /lib/i386-linux-gnu/libnsl-2.23.so
b64cc000-b64ce000 rw-p 00000000 00:00 0 
b64ce000-b64d6000 r-xp 00000000 08:01 52156      /lib/i386-linux-gnu/libnss_compat-2.23.so
b64d6000-b64d7000 r--p 00007000 08:01 52156      /lib/i386-linux-gnu/libnss_compat-2.23.so
b64d7000-b64d8000 rw-p 00008000 08:01 52156      /lib/i386-linux-gnu/libnss_compat-2.23.so
b64d8000-b64fe000 r-xp 00000000 08:01 265443     /usr/lib/jvm/java-9-openjdk-i386/lib/i386/libjava.so
b64fe000-b64ff000 r--p 00025000 08:01 265443     /usr/lib/jvm/java-9-openjdk-i386/lib/i386/libjava.so
b64ff000-b6500000 rw-p 00026000 08:01 265443     /usr/lib/jvm/java-9-openjdk-i386/lib/i386/libjava.so
b6500000-b6600000 rw-p 00000000 00:00 0 
b6601000-b6606000 r-xp 00000000 08:01 265464     /usr/lib/jvm/java-9-openjdk-i386/lib/i386/libjimage.so
b6606000-b6607000 r--p 00004000 08:01 265464     /usr/lib/jvm/java-9-openjdk-i386/lib/i386/libjimage.so
b6607000-b6608000 rw-p 00005000 08:01 265464     /usr/lib/jvm/java-9-openjdk-i386/lib/i386/libjimage.so
b6608000-b6610000 rw-s 00000000 08:01 539170     /tmp/hsperfdata_luke/20614
b6610000-b6611000 rw-p 00000000 00:00 0 
b6611000-b6612000 r--p 00000000 00:00 0 
b6612000-b6619000 r-xp 00000000 08:01 52166      /lib/i386-linux-gnu/librt-2.23.so
b6619000-b661a000 r--p 00006000 08:01 52166      /lib/i386-linux-gnu/librt-2.23.so
b661a000-b661b000 rw-p 00007000 08:01 52166      /lib/i386-linux-gnu/librt-2.23.so
b661b000-b661f000 ---p 00000000 00:00 0 
b661f000-b666c000 rw-p 00000000 00:00 0 
b666c000-b6688000 r-xp 00000000 08:01 51908      /lib/i386-linux-gnu/libgcc_s.so.1
b6688000-b6689000 rw-p 0001b000 08:01 51908      /lib/i386-linux-gnu/libgcc_s.so.1
b6689000-b66dc000 r-xp 00000000 08:01 52141      /lib/i386-linux-gnu/libm-2.23.so
b66dc000-b66dd000 r--p 00052000 08:01 52141      /lib/i386-linux-gnu/libm-2.23.so
b66dd000-b66de000 rw-p 00053000 08:01 52141      /lib/i386-linux-gnu/libm-2.23.so
b66de000-b684b000 r-xp 00000000 08:01 1273       /usr/lib/i386-linux-gnu/libstdc++.so.6.0.21
b684b000-b684c000 ---p 0016d000 08:01 1273       /usr/lib/i386-linux-gnu/libstdc++.so.6.0.21
b684c000-b6851000 r--p 0016d000 08:01 1273       /usr/lib/i386-linux-gnu/libstdc++.so.6.0.21
b6851000-b6852000 rw-p 00172000 08:01 1273       /usr/lib/i386-linux-gnu/libstdc++.so.6.0.21
b6852000-b6855000 rw-p 00000000 00:00 0 
b6855000-b7481000 r-xp 00000000 08:01 265457     /usr/lib/jvm/java-9-openjdk-i386/lib/i386/server/libjvm.so
b7481000-b74d6000 r--p 00c2b000 08:01 265457     /usr/lib/jvm/java-9-openjdk-i386/lib/i386/server/libjvm.so
b74d6000-b74f4000 rw-p 00c80000 08:01 265457     /usr/lib/jvm/java-9-openjdk-i386/lib/i386/server/libjvm.so
b74f4000-b751c000 rw-p 00000000 00:00 0 
b751c000-b7535000 r-xp 00000000 08:01 52145      /lib/i386-linux-gnu/libpthread-2.23.so
b7535000-b7536000 r--p 00018000 08:01 52145      /lib/i386-linux-gnu/libpthread-2.23.so
b7536000-b7537000 rw-p 00019000 08:01 52145      /lib/i386-linux-gnu/libpthread-2.23.so
b7537000-b753a000 rw-p 00000000 00:00 0 
b753a000-b753d000 r-xp 00000000 08:01 52148      /lib/i386-linux-gnu/libdl-2.23.so
b753d000-b753e000 r--p 00002000 08:01 52148      /lib/i386-linux-gnu/libdl-2.23.so
b753e000-b753f000 rw-p 00003000 08:01 52148      /lib/i386-linux-gnu/libdl-2.23.so
b753f000-b7558000 r-xp 00000000 08:01 51962      /lib/i386-linux-gnu/libz.so.1.2.8
b7558000-b7559000 r--p 00018000 08:01 51962      /lib/i386-linux-gnu/libz.so.1.2.8
b7559000-b755a000 rw-p 00019000 08:01 51962      /lib/i386-linux-gnu/libz.so.1.2.8
b755a000-b770a000 r-xp 00000000 08:01 52146      /lib/i386-linux-gnu/libc-2.23.so
b770a000-b770c000 r--p 001af000 08:01 52146      /lib/i386-linux-gnu/libc-2.23.so
b770c000-b770d000 rw-p 001b1000 08:01 52146      /lib/i386-linux-gnu/libc-2.23.so
b770d000-b7710000 rw-p 00000000 00:00 0 
b7710000-b771b000 r-xp 00000000 08:01 265444     /usr/lib/jvm/java-9-openjdk-i386/lib/i386/libverify.so
b771b000-b771c000 ---p 0000b000 08:01 265444     /usr/lib/jvm/java-9-openjdk-i386/lib/i386/libverify.so
b771c000-b771d000 r--p 0000b000 08:01 265444     /usr/lib/jvm/java-9-openjdk-i386/lib/i386/libverify.so
b771d000-b771e000 rw-p 0000c000 08:01 265444     /usr/lib/jvm/java-9-openjdk-i386/lib/i386/libverify.so
b771e000-b772c000 r-xp 00000000 08:01 265478     /usr/lib/jvm/java-9-openjdk-i386/lib/i386/jli/libjli.so
b772c000-b772d000 r--p 0000d000 08:01 265478     /usr/lib/jvm/java-9-openjdk-i386/lib/i386/jli/libjli.so
b772d000-b772e000 rw-p 0000e000 08:01 265478     /usr/lib/jvm/java-9-openjdk-i386/lib/i386/jli/libjli.so
b772e000-b772f000 rw-p 00000000 00:00 0 
b772f000-b7732000 r--p 00000000 00:00 0          [vvar]
b7732000-b7733000 r-xp 00000000 00:00 0          [vdso]
b7733000-b7756000 r-xp 00000000 08:01 52143      /lib/i386-linux-gnu/ld-2.23.so
b7756000-b7757000 r--p 00022000 08:01 52143      /lib/i386-linux-gnu/ld-2.23.so
b7757000-b7758000 rw-p 00023000 08:01 52143      /lib/i386-linux-gnu/ld-2.23.so
bf9fd000-bfa1e000 rw-p 00000000 00:00 0          [stack]

VM Arguments:
java_command: DialogBoxDemo1
java_class_path (initial): .
Launcher Type: SUN_STANDARD

Environment Variables:
PATH=/home/luke/bin:/home/luke/.local/bin:/usr/local/sbin:/usr/local/bin:/usr/sbin:/usr/bin:/sbin:/bin:/usr/games:/usr/local/games
SHELL=/bin/bash
DISPLAY=:0

Signal Handlers:
SIGSEGV: [libjvm.so+0x9e08a0], sa_mask[0]=11111111011111111101111111111110, sa_flags=SA_RESTART|SA_SIGINFO
SIGBUS: [libjvm.so+0x9e08a0], sa_mask[0]=11111111011111111101111111111110, sa_flags=SA_RESTART|SA_SIGINFO
SIGFPE: [libjvm.so+0x9e08a0], sa_mask[0]=11111111011111111101111111111110, sa_flags=SA_RESTART|SA_SIGINFO
SIGPIPE: [libjvm.so+0x832630], sa_mask[0]=11111111011111111101111111111110, sa_flags=SA_RESTART|SA_SIGINFO
SIGXFSZ: [libjvm.so+0x832630], sa_mask[0]=11111111011111111101111111111110, sa_flags=SA_RESTART|SA_SIGINFO
SIGILL: [libjvm.so+0x9e08a0], sa_mask[0]=11111111011111111101111111111110, sa_flags=SA_RESTART|SA_SIGINFO
SIGUSR2: [libjvm.so+0x832460], sa_mask[0]=00000000000000000000000000000000, sa_flags=SA_RESTART|SA_SIGINFO
SIGHUP: [libjvm.so+0x8328a0], sa_mask[0]=11111111011111111101111111111110, sa_flags=SA_RESTART|SA_SIGINFO
SIGINT: [libjvm.so+0x8328a0], sa_mask[0]=11111111011111111101111111111110, sa_flags=SA_RESTART|SA_SIGINFO
SIGTERM: [libjvm.so+0x8328a0], sa_mask[0]=11111111011111111101111111111110, sa_flags=SA_RESTART|SA_SIGINFO
SIGQUIT: [libjvm.so+0x8328a0], sa_mask[0]=11111111011111111101111111111110, sa_flags=SA_RESTART|SA_SIGINFO


---------------  S Y S T E M  ---------------

OS:DISTRIB_ID=Trisquel
DISTRIB_RELEASE=8.0
DISTRIB_CODENAME=flidas
DISTRIB_DESCRIPTION="Trisquel GNU/Linux 8.0, Flidas"
uname:Linux 4.4.0-137-generic #163+8.0trisquel2 SMP Tue Oct 2 12:15:54 UTC 2018 i686
libc:glibc 2.23 NPTL 2.23 
rlimit: STACK 8192k, CORE 0k, NPROC 15414, NOFILE 1048576, AS infinity
load average:0.30 0.08 0.10

/proc/meminfo:
MemTotal:        1995212 kB
MemFree:          932228 kB
MemAvailable:    1574640 kB
Buffers:           89408 kB
Cached:           760472 kB
SwapCached:         2336 kB
Active:           453452 kB
Inactive:         477600 kB
Active(anon):      55424 kB
Inactive(anon):    75828 kB
Active(file):     398028 kB
Inactive(file):   401772 kB
Unevictable:           0 kB
Mlocked:               0 kB
HighTotal:       1116804 kB
HighFree:         585812 kB
LowTotal:         878408 kB
LowFree:          346416 kB
SwapTotal:        998396 kB
SwapFree:         980936 kB
Dirty:               168 kB
Writeback:             0 kB
AnonPages:         79060 kB
Mapped:            77568 kB
Shmem:             49988 kB
Slab:             103080 kB
SReclaimable:      89744 kB
SUnreclaim:        13336 kB
KernelStack:        2216 kB
PageTables:         2768 kB
NFS_Unstable:          0 kB
Bounce:                0 kB
WritebackTmp:          0 kB
CommitLimit:     1996000 kB
Committed_AS:     838880 kB
VmallocTotal:     122880 kB
VmallocUsed:           0 kB
VmallocChunk:          0 kB
AnonHugePages:         0 kB
CmaTotal:              0 kB
CmaFree:               0 kB
HugePages_Total:       0
HugePages_Free:        0
HugePages_Rsvd:        0
HugePages_Surp:        0
Hugepagesize:       2048 kB
DirectMap4k:       38904 kB
DirectMap2M:      874496 kB


CPU:total 2 (2 cores per cpu, 1 threads per core) family 6 model 14 stepping 12, cmov, cx8, fxsr, mmx, sse, sse2, sse3, tsc

CPU Model and flags from /proc/cpuinfo:
model name	: Intel(R) Core(TM) Duo CPU      L2400  @ 1.66GHz
flags		: fpu vme de pse tsc msr pae mce cx8 apic sep mtrr pge mca cmov clflush dts acpi mmx fxsr sse sse2 ss ht tm pbe nx constant_tsc arch_perfmon bts aperfmperf pni monitor vmx est tm2 xtpr pdcm dtherm

Memory: 4k page, physical 1995212k(932228k free), swap 998396k(980936k free)

vm_info: OpenJDK Server VM (9-internal+0-2016-04-14-195526.buildd.src) for linux-x86 JRE (9-internal+0-2016-04-14-195526.buildd.src), built on Apr 14 2016 20:15:09 by "buildd" with gcc 5.3.1 20160413

END.
