#
# A fatal error has been detected by the Java Runtime Environment:
#
#  SIGSEGV (0xb) at pc=0xb64f0e48, pid=20699, tid=20700
#
# JRE version: OpenJDK Runtime Environment (9.0) (build 9-internal+0-2016-04-14-195526.buildd.src)
# Java VM: OpenJDK Server VM (9-internal+0-2016-04-14-195526.buildd.src, mixed mode, tiered, g1 gc, linux-x86)
# Problematic frame:
# C  [libjava.so+0x18e48]  JNU_GetEnv+0x18
#
# No core dump will be written. Core dumps have been disabled. To enable core dumping, try "ulimit -c unlimited" before starting Java again
#
# If you would like to submit a bug report, please visit:
#   http://bugreport.java.com/bugreport/crash.jsp
# The crash happened outside the Java Virtual Machine in native code.
# See problematic frame for where to report the bug.
#

---------------  S U M M A R Y ------------

Command Line: DialogBoxDemo1

Host: Intel(R) Core(TM) Duo CPU      L2400  @ 1.66GHz, 2 cores, 1G, Trisquel GNU/Linux 8.0, Flidas
Time: Thu Nov  1 21:41:06 2018 CDT elapsed time: 0 seconds (0d 0h 0m 0s)

---------------  T H R E A D  ---------------

Current thread (0xb650b800):  JavaThread "main" [_thread_in_native, id=20700, stack(0xb6625000,0xb6676000)]

Stack: [0xb6625000,0xb6676000],  sp=0xb66740bc,  free space=316k
Native frames: (J=compiled Java code, j=interpreted, Vv=VM code, C=native code)
C  [libjava.so+0x18e48]  JNU_GetEnv+0x18
C  [libfontmanager.so+0x2faf5]
C  [libfreetype.so.6+0xf4dc]  FT_Stream_Seek+0x1c

Java frames: (J=compiled Java code, j=interpreted, Vv=VM code)
j  sun.font.FreetypeFontScaler.initNativeScaler(Lsun/font/Font2D;IIZI)J+0 java.desktop@9-internal
j  sun.font.FreetypeFontScaler.<init>(Lsun/font/Font2D;IZI)V+26 java.desktop@9-internal
v  ~StubRoutines::call_stub
j  sun.reflect.NativeConstructorAccessorImpl.newInstance0(Ljava/lang/reflect/Constructor;[Ljava/lang/Object;)Ljava/lang/Object;+0 java.base@9-internal
j  sun.reflect.NativeConstructorAccessorImpl.newInstance([Ljava/lang/Object;)Ljava/lang/Object;+85 java.base@9-internal
j  sun.reflect.DelegatingConstructorAccessorImpl.newInstance([Ljava/lang/Object;)Ljava/lang/Object;+5 java.base@9-internal
j  java.lang.reflect.Constructor.newInstance([Ljava/lang/Object;)Ljava/lang/Object;+65 java.base@9-internal
j  sun.font.FontScaler.getScaler(Lsun/font/Font2D;IZI)Lsun/font/FontScaler;+39 java.desktop@9-internal
j  sun.font.TrueTypeFont.getScaler()Lsun/font/FontScaler;+21 java.desktop@9-internal
j  sun.font.FileFontStrike.<init>(Lsun/font/FileFont;Lsun/font/FontStrikeDesc;)V+204 java.desktop@9-internal
j  sun.font.FileFont.createStrike(Lsun/font/FontStrikeDesc;)Lsun/font/FontStrike;+18 java.desktop@9-internal
j  sun.font.Font2D.getStrike(Lsun/font/FontStrikeDesc;Z)Lsun/font/FontStrike;+92 java.desktop@9-internal
j  sun.font.Font2D.getStrike(Lsun/font/FontStrikeDesc;)Lsun/font/FontStrike;+3 java.desktop@9-internal
j  sun.font.CompositeStrike.getStrikeForSlot(I)Lsun/font/PhysicalStrike;+23 java.desktop@9-internal
j  sun.font.CompositeStrike.getFontMetrics()Lsun/font/StrikeMetrics;+31 java.desktop@9-internal
j  sun.font.FontDesignMetrics.initMatrixAndMetrics()V+28 java.desktop@9-internal
j  sun.font.FontDesignMetrics.<init>(Ljava/awt/Font;Ljava/awt/font/FontRenderContext;)V+62 java.desktop@9-internal
j  sun.font.FontDesignMetrics.getMetrics(Ljava/awt/Font;Ljava/awt/font/FontRenderContext;)Lsun/font/FontDesignMetrics;+128 java.desktop@9-internal
j  sun.swing.SwingUtilities2.getFontMetrics(Ljavax/swing/JComponent;Ljava/awt/Font;)Ljava/awt/FontMetrics;+15 java.desktop@9-internal
j  javax.swing.JComponent.getFontMetrics(Ljava/awt/Font;)Ljava/awt/FontMetrics;+2 java.desktop@9-internal
j  javax.swing.plaf.basic.BasicGraphicsUtils.getPreferredButtonSize(Ljavax/swing/AbstractButton;I)Ljava/awt/Dimension;+28 java.desktop@9-internal
j  javax.swing.plaf.basic.BasicButtonUI.getPreferredSize(Ljavax/swing/JComponent;)Ljava/awt/Dimension;+10 java.desktop@9-internal
j  javax.swing.plaf.basic.BasicButtonUI.getMinimumSize(Ljavax/swing/JComponent;)Ljava/awt/Dimension;+2 java.desktop@9-internal
j  javax.swing.JComponent.getMinimumSize()Ljava/awt/Dimension;+26 java.desktop@9-internal
j  javax.swing.plaf.basic.BasicOptionPaneUI.addButtonComponents(Ljava/awt/Container;[Ljava/lang/Object;I)V+242 java.desktop@9-internal
j  javax.swing.plaf.basic.BasicOptionPaneUI.createButtonArea()Ljava/awt/Container;+103 java.desktop@9-internal
j  javax.swing.plaf.basic.BasicOptionPaneUI.installComponents()V+35 java.desktop@9-internal
j  javax.swing.plaf.basic.BasicOptionPaneUI.installUI(Ljavax/swing/JComponent;)V+24 java.desktop@9-internal
j  javax.swing.JComponent.setUI(Ljavax/swing/plaf/ComponentUI;)V+52 java.desktop@9-internal
j  javax.swing.JOptionPane.setUI(Ljavax/swing/plaf/OptionPaneUI;)V+10 java.desktop@9-internal
j  javax.swing.JOptionPane.updateUI()V+8 java.desktop@9-internal
j  javax.swing.JOptionPane.<init>(Ljava/lang/Object;IILjavax/swing/Icon;[Ljava/lang/Object;Ljava/lang/Object;)V+52 java.desktop@9-internal
j  javax.swing.JOptionPane.showInputDialog(Ljava/awt/Component;Ljava/lang/Object;Ljava/lang/String;ILjavax/swing/Icon;[Ljava/lang/Object;Ljava/lang/Object;)Ljava/lang/Object;+11 java.desktop@9-internal
j  javax.swing.JOptionPane.showInputDialog(Ljava/awt/Component;Ljava/lang/Object;Ljava/lang/String;I)Ljava/lang/String;+7 java.desktop@9-internal
j  javax.swing.JOptionPane.showInputDialog(Ljava/awt/Component;Ljava/lang/Object;)Ljava/lang/String;+9 java.desktop@9-internal
j  DialogBoxDemo1.main([Ljava/lang/String;)V+3
v  ~StubRoutines::call_stub

siginfo: si_signo: 11 (SIGSEGV), si_code: 1 (SEGV_MAPERR), si_addr: 0x00000000

Register to memory mapping:

EAX=0x00000000 is an unknown value
EBX=0x840ff000: <offset 0x000c4000> in /usr/lib/jvm/java-9-openjdk-i386/lib/i386/libfontmanager.so at 0x8403b000
ECX=0x00010002 is an unknown value
EDX=0x00000000 is an unknown value
ESP=0xb66740bc is pointing into the stack for thread: 0xb650b800
EBP=0xb66740d8 is pointing into the stack for thread: 0xb650b800
ESI=0x00000000 is an unknown value
EDI=0x00000000 is an unknown value


Registers:
EAX=0x00000000, EBX=0x840ff000, ECX=0x00010002, EDX=0x00000000
ESP=0xb66740bc, EBP=0xb66740d8, ESI=0x00000000, EDI=0x00000000
EIP=0xb64f0e48, EFLAGS=0x00010246, CR2=0x0000000000000000

Top of Stack: (sp=0xb66740bc)
0xb66740bc:   00000000 b6674108 b7752010 84001ce0
0xb66740cc:   73b9d400 00000000 847d2ff0 b6674108
0xb66740dc:   8406aaf5 00000000 00010002 b650003c
0xb66740ec:   83d0f84c b7761000 847d32a0 83f990b9
0xb66740fc:   83d0f798 00000000 00000000 83d514a0
0xb667410c:   83f9a4dc 83d0f798 00000000 00000000
0xb667411c:   00000000 b7716000 8403a000 83d0f798
0xb667412c:   83fae2b8 83d0f798 00000000 00000001 

Instructions: (pc=0xb64f0e48)
0xb64f0e28:   ff eb f3 90 8d 74 26 00 55 89 e5 83 ec 1c 8b 45
0xb64f0e38:   08 65 8b 15 14 00 00 00 89 55 f4 31 d2 8b 4d 0c
0xb64f0e48:   8b 10 51 8d 4d f0 51 50 ff 52 18 8b 45 f0 8b 4d
0xb64f0e58:   f4 65 33 0d 14 00 00 00 75 02 c9 c3 e8 c7 5b 00 


---------------  P R O C E S S  ---------------

Java Threads: ( => current thread )
  0x83d03400 JavaThread "Image Fetcher 0" daemon [_thread_blocked, id=20722, stack(0x83caf000,0x83d00000)]
  0x847ef800 JavaThread "AWT-XAWT" daemon [_thread_in_native, id=20721, stack(0x83f3a000,0x83f8b000)]
  0x847dac00 JavaThread "Java2D Disposer" daemon [_thread_blocked, id=20720, stack(0x84327000,0x84378000)]
  0x8472f400 JavaThread "Service Thread" daemon [_thread_blocked, id=20718, stack(0x846af000,0x84700000)]
  0x86a98800 JavaThread "Common-Cleaner" daemon [_thread_blocked, id=20717, stack(0x84815000,0x84866000)]
  0x86a7f800 JavaThread "Sweeper thread" daemon [_thread_blocked, id=20716, stack(0x86467000,0x864b8000)]
  0x86a7e000 JavaThread "C1 CompilerThread2" daemon [_thread_blocked, id=20715, stack(0x864b8000,0x86539000)]
  0x86a3f400 JavaThread "C2 CompilerThread1" daemon [_thread_in_native, id=20714, stack(0x86539000,0x865ba000)]
  0x86a3dc00 JavaThread "C2 CompilerThread0" daemon [_thread_in_native, id=20713, stack(0x865ba000,0x8663b000)]
  0x86a3c800 JavaThread "Signal Dispatcher" daemon [_thread_blocked, id=20712, stack(0x8663b000,0x8668c000)]
  0x86a3ac00 JavaThread "Surrogate Locker Thread (Concurrent GC)" daemon [_thread_blocked, id=20711, stack(0x8668c000,0x866dd000)]
  0x86a28400 JavaThread "Finalizer" daemon [_thread_blocked, id=20710, stack(0x868dd000,0x8692e000)]
  0x86a20c00 JavaThread "Reference Handler" daemon [_thread_blocked, id=20709, stack(0x8692e000,0x8697f000)]
=>0xb650b800 JavaThread "main" [_thread_in_native, id=20700, stack(0xb6625000,0xb6676000)]

Other Threads:
  0x86a1bc00 VMThread [stack: 0x8697f000,0x86a00000] [id=20708]
  0x84731400 WatcherThread [stack: 0x8462e000,0x846af000] [id=20719]

Threads with active compile tasks:
C2 CompilerThread1 395       4       java.util.HashMap::getNode (148 bytes)
C2 CompilerThread0 385       4       jdk.internal.org.objectweb.asm.Item::set (143 bytes)

VM state:not at safepoint (normal execution)

VM Mutex/Monitor currently owned by a thread: None

Heap:
 garbage-first heap   total 32768K, used 3184K [0x88200000, 0x88300080, 0xa6a00000)
  region size 1024K, 4 young (4096K), 1 survivors (1024K)
 Metaspace       used 6324K, capacity 6710K, committed 6808K, reserved 7472K

Heap Regions: E=young(eden), S=young(survivor), O=old, HS=humongous(starts), HC=humongous(continues), CS=collection set, F=free, A=archive, TS=gc time stamp, AC=allocation context, TAMS=top-at-mark-start (previous, next)
|   0|0x88200000, 0x8821c200, 0x88300000| 10%| O|  |TS  1|AC  0|TAMS 0x88200000, 0x88200000|
|   1|0x88300000, 0x88300000, 0x88400000|  0%| F|  |TS  0|AC  0|TAMS 0x88300000, 0x88300000|
|   2|0x88400000, 0x88400000, 0x88500000|  0%| F|  |TS  0|AC  0|TAMS 0x88400000, 0x88400000|
|   3|0x88500000, 0x88500000, 0x88600000|  0%| F|  |TS  0|AC  0|TAMS 0x88500000, 0x88500000|
|   4|0x88600000, 0x88600000, 0x88700000|  0%| F|  |TS  0|AC  0|TAMS 0x88600000, 0x88600000|
|   5|0x88700000, 0x88700000, 0x88800000|  0%| F|  |TS  0|AC  0|TAMS 0x88700000, 0x88700000|
|   6|0x88800000, 0x88800000, 0x88900000|  0%| F|  |TS  0|AC  0|TAMS 0x88800000, 0x88800000|
|   7|0x88900000, 0x88900000, 0x88a00000|  0%| F|  |TS  0|AC  0|TAMS 0x88900000, 0x88900000|
|   8|0x88a00000, 0x88a00000, 0x88b00000|  0%| F|  |TS  0|AC  0|TAMS 0x88a00000, 0x88a00000|
|   9|0x88b00000, 0x88b00000, 0x88c00000|  0%| F|  |TS  0|AC  0|TAMS 0x88b00000, 0x88b00000|
|  10|0x88c00000, 0x88c00000, 0x88d00000|  0%| F|  |TS  0|AC  0|TAMS 0x88c00000, 0x88c00000|
|  11|0x88d00000, 0x88d00000, 0x88e00000|  0%| F|  |TS  0|AC  0|TAMS 0x88d00000, 0x88d00000|
|  12|0x88e00000, 0x88e00000, 0x88f00000|  0%| F|  |TS  0|AC  0|TAMS 0x88e00000, 0x88e00000|
|  13|0x88f00000, 0x88f00000, 0x89000000|  0%| F|  |TS  0|AC  0|TAMS 0x88f00000, 0x88f00000|
|  14|0x89000000, 0x89000000, 0x89100000|  0%| F|  |TS  0|AC  0|TAMS 0x89000000, 0x89000000|
|  15|0x89100000, 0x89100000, 0x89200000|  0%| F|  |TS  0|AC  0|TAMS 0x89100000, 0x89100000|
|  16|0x89200000, 0x89200000, 0x89300000|  0%| F|  |TS  0|AC  0|TAMS 0x89200000, 0x89200000|
|  17|0x89300000, 0x89300000, 0x89400000|  0%| F|  |TS  0|AC  0|TAMS 0x89300000, 0x89300000|
|  18|0x89400000, 0x89400000, 0x89500000|  0%| F|  |TS  0|AC  0|TAMS 0x89400000, 0x89400000|
|  19|0x89500000, 0x89500000, 0x89600000|  0%| F|  |TS  0|AC  0|TAMS 0x89500000, 0x89500000|
|  20|0x89600000, 0x89600000, 0x89700000|  0%| F|  |TS  0|AC  0|TAMS 0x89600000, 0x89600000|
|  21|0x89700000, 0x89700000, 0x89800000|  0%| F|  |TS  0|AC  0|TAMS 0x89700000, 0x89700000|
|  22|0x89800000, 0x89800000, 0x89900000|  0%| F|  |TS  0|AC  0|TAMS 0x89800000, 0x89800000|
|  23|0x89900000, 0x89900000, 0x89a00000|  0%| F|  |TS  0|AC  0|TAMS 0x89900000, 0x89900000|
|  24|0x89a00000, 0x89a00000, 0x89b00000|  0%| F|  |TS  0|AC  0|TAMS 0x89a00000, 0x89a00000|
|  25|0x89b00000, 0x89b00000, 0x89c00000|  0%| F|  |TS  0|AC  0|TAMS 0x89b00000, 0x89b00000|
|  26|0x89c00000, 0x89c00000, 0x89d00000|  0%| F|  |TS  0|AC  0|TAMS 0x89c00000, 0x89c00000|
|  27|0x89d00000, 0x89d00000, 0x89e00000|  0%| F|  |TS  0|AC  0|TAMS 0x89d00000, 0x89d00000|
|  28|0x89e00000, 0x89f00000, 0x89f00000|100%| S|CS|TS  1|AC  0|TAMS 0x89e00000, 0x89e00000|
|  29|0x89f00000, 0x89f5ba50, 0x8a000000| 35%| E|  |TS  0|AC  0|TAMS 0x89f00000, 0x89f00000|
|  30|0x8a000000, 0x8a100000, 0x8a100000|100%| E|CS|TS  0|AC  0|TAMS 0x8a000000, 0x8a000000|
|  31|0x8a100000, 0x8a200000, 0x8a200000|100%| E|CS|TS  0|AC  0|TAMS 0x8a100000, 0x8a100000|

Card table byte_map: [0x88018000,0x8810c000] byte_map_base: 0x87bd7000

Marking Bits (Prev, Next): (CMBitMap*) 0xb6543c2c, (CMBitMap*) 0xb6543c58
 Prev Bits: [0x87784000, 0x87f24000)
 Next Bits: [0x86fe4000, 0x87784000)

Polling page: 0xb661b000

CodeHeap 'non-nmethods': size=5412Kb used=745Kb max_used=762Kb free=4666Kb
 bounds [0xa72d2000, 0xa7512000, 0xa781b000]
CodeHeap 'profiled nmethods': size=120172Kb used=585Kb max_used=585Kb free=119586Kb
 bounds [0xa781b000, 0xa7a5b000, 0xaed76000]
CodeHeap 'non-profiled nmethods': size=120176Kb used=98Kb max_used=98Kb free=120077Kb
 bounds [0xaed76000, 0xaefb6000, 0xb62d2000]
 total_blobs=801 nmethods=435 adapters=179
 compilation: enabled

Compilation events (10 events):
Event: 0.693 Thread 0x86a7e000  423       3       sun.invoke.util.BytecodeDescriptor::unparseSig (75 bytes)
Event: 0.694 Thread 0x86a7e000 nmethod 423 0xa78ab108 code [0xa78ab2e0, 0xa78abc60]
Event: 0.694 Thread 0x86a7e000  419       3       java.util.ArrayList::add (25 bytes)
Event: 0.695 Thread 0x86a7e000 nmethod 419 0xa78ac088 code [0xa78ac200, 0xa78ac6f8]
Event: 0.695 Thread 0x86a7e000  420       3       java.util.ArrayList::add (23 bytes)
Event: 0.696 Thread 0x86a7e000 nmethod 420 0xa78acb08 code [0xa78acc60, 0xa78ad118]
Event: 0.696 Thread 0x86a7e000  439       3       java.nio.HeapByteBuffer::_get (7 bytes)
Event: 0.696 Thread 0x86a7e000 nmethod 439 0xa78ad408 code [0xa78ad520, 0xa78ad620]
Event: 0.696 Thread 0x86a7e000  430       1       java.lang.invoke.StringConcatFactory$RecipeElement::getTag (5 bytes)
Event: 0.696 Thread 0x86a7e000 nmethod 430 0xaed8e908 code [0xaed8ea00, 0xaed8eaa0]

GC Heap History (2 events):
Event: 0.509 GC heap before
{Heap before GC invocations=0 (full 0):
 garbage-first heap   total 32768K, used 3072K [0x88200000, 0x88300080, 0xa6a00000)
  region size 1024K, 3 young (3072K), 0 survivors (0K)
 Metaspace       used 4815K, capacity 5020K, committed 5144K, reserved 5424K
}
Event: 0.518 GC heap after
{Heap after GC invocations=1 (full 0):
 garbage-first heap   total 32768K, used 1136K [0x88200000, 0x88300080, 0xa6a00000)
  region size 1024K, 1 young (1024K), 1 survivors (1024K)
 Metaspace       used 4815K, capacity 5020K, committed 5144K, reserved 5424K
}

Deoptimization events (8 events):
Event: 0.156 Thread 0xb650b800 Uncommon trap: reason=unstable_if action=reinterpret pc=0xaed77924 method=java.lang.String.hashCode()I @ 12
Event: 0.294 Thread 0xb650b800 Uncommon trap: reason=bimorphic action=maybe_recompile pc=0xaed7cad4 method=java.util.Collections$UnmodifiableCollection$1.next()Ljava/lang/Object; @ 4
Event: 0.294 Thread 0xb650b800 Uncommon trap: reason=bimorphic action=maybe_recompile pc=0xaed7cad4 method=java.util.Collections$UnmodifiableCollection$1.next()Ljava/lang/Object; @ 4
Event: 0.294 Thread 0xb650b800 Uncommon trap: reason=bimorphic action=maybe_recompile pc=0xaed7cad4 method=java.util.Collections$UnmodifiableCollection$1.next()Ljava/lang/Object; @ 4
Event: 0.300 Thread 0xb650b800 Uncommon trap: reason=bimorphic action=maybe_recompile pc=0xaed7cad4 method=java.util.Collections$UnmodifiableCollection$1.next()Ljava/lang/Object; @ 4
Event: 0.623 Thread 0xb650b800 Uncommon trap: reason=unstable_if action=reinterpret pc=0xaed7e634 method=java.util.HashMap.hash(Ljava/lang/Object;)I @ 1
Event: 0.624 Thread 0xb650b800 Uncommon trap: reason=unstable_if action=reinterpret pc=0xaed7a4e0 method=java.util.HashMap.hash(Ljava/lang/Object;)I @ 1
Event: 0.687 Thread 0xb650b800 Uncommon trap: reason=unstable_if action=reinterpret pc=0xaed7d6bc method=java.util.HashMap.putVal(ILjava/lang/Object;Ljava/lang/Object;ZZ)Ljava/lang/Object; @ 181

Classes redefined (0 events):
No events

Internal exceptions (7 events):
Event: 0.349 Thread 0xb650b800 Exception <a 'java/lang/ClassNotFoundException': sun/awt/resources/awtProvider> (0x8a0ffe00) thrown at [/build/openjdk-9-GMfJKp/openjdk-9-9~b114/src/hotspot/src/share/vm/classfile/systemDictionary.cpp, line 224]
Event: 0.376 Thread 0xb650b800 Exception <a 'java/io/FileNotFoundException'> (0x89f39280) thrown at [/build/openjdk-9-GMfJKp/openjdk-9-9~b114/src/hotspot/src/share/vm/prims/jni.cpp, line 605]
Event: 0.378 Thread 0xb650b800 Exception <a 'java/io/FileNotFoundException'> (0x89f409a8) thrown at [/build/openjdk-9-GMfJKp/openjdk-9-9~b114/src/hotspot/src/share/vm/prims/jni.cpp, line 605]
Event: 0.585 Thread 0xb650b800 Exception <a 'java/lang/ClassNotFoundException': com/sun/swing/internal/plaf/metal/resources/metalProvider> (0x8a0345b0) thrown at [/build/openjdk-9-GMfJKp/openjdk-9-9~b114/src/hotspot/src/share/vm/classfile/systemDictionary.cpp, line 224]
Event: 0.587 Thread 0xb650b800 Exception <a 'java/lang/ClassNotFoundException': com/sun/swing/internal/plaf/basic/resources/basicProvider> (0x8a037798) thrown at [/build/openjdk-9-GMfJKp/openjdk-9-9~b114/src/hotspot/src/share/vm/classfile/systemDictionary.cpp, line 224]
Event: 0.623 Thread 0xb650b800 Implicit null exception at 0xaed7e5bd to 0xaed7e62a
Event: 0.624 Thread 0xb650b800 Implicit null exception at 0xaed7a48b to 0xaed7a4d0

Events (10 events):
Event: 0.697 loading class sun/nio/cs/UTF_16$Decoder
Event: 0.697 loading class sun/nio/cs/UnicodeDecoder
Event: 0.697 loading class sun/nio/cs/UnicodeDecoder done
Event: 0.697 loading class sun/nio/cs/UTF_16$Decoder done
Event: 0.698 loading class sun/font/FileFontStrike
Event: 0.698 loading class sun/font/FileFontStrike done
Event: 0.698 loading class sun/font/FontScaler
Event: 0.699 loading class sun/font/FontScaler done
Event: 0.699 loading class sun/font/FreetypeFontScaler
Event: 0.699 loading class sun/font/FreetypeFontScaler done


Dynamic libraries:
08048000-08049000 r-xp 00000000 08:01 265432     /usr/lib/jvm/java-9-openjdk-i386/bin/java
08049000-0804a000 r--p 00000000 08:01 265432     /usr/lib/jvm/java-9-openjdk-i386/bin/java
0804a000-0804b000 rw-p 00001000 08:01 265432     /usr/lib/jvm/java-9-openjdk-i386/bin/java
0998d000-09a6d000 rw-p 00000000 00:00 0          [heap]
83baf000-83c0f000 rw-p 00000000 00:00 0 
83c0f000-83caf000 ---p 00000000 00:00 0 
83caf000-83cb3000 ---p 00000000 00:00 0 
83cb3000-83d00000 rw-p 00000000 00:00 0 
83d00000-83d95000 rw-p 00000000 00:00 0 
83d95000-83e00000 ---p 00000000 00:00 0 
83e3a000-83f3a000 rw-p 00000000 00:00 0 
83f3a000-83f3e000 ---p 00000000 00:00 0 
83f3e000-83f8b000 rw-p 00000000 00:00 0 
83f8b000-84036000 r-xp 00000000 08:01 1307       /usr/lib/i386-linux-gnu/libfreetype.so.6.12.1
84036000-8403a000 r--p 000aa000 08:01 1307       /usr/lib/i386-linux-gnu/libfreetype.so.6.12.1
8403a000-8403b000 rw-p 000ae000 08:01 1307       /usr/lib/i386-linux-gnu/libfreetype.so.6.12.1
8403b000-840fd000 r-xp 00000000 08:01 265449     /usr/lib/jvm/java-9-openjdk-i386/lib/i386/libfontmanager.so
840fd000-840ff000 r--p 000c1000 08:01 265449     /usr/lib/jvm/java-9-openjdk-i386/lib/i386/libfontmanager.so
840ff000-84100000 rw-p 000c3000 08:01 265449     /usr/lib/jvm/java-9-openjdk-i386/lib/i386/libfontmanager.so
84100000-84200000 rw-p 00000000 00:00 0 
84200000-8422f000 rw-p 00000000 00:00 0 
8422f000-84300000 ---p 00000000 00:00 0 
84327000-8432b000 ---p 00000000 00:00 0 
8432b000-84378000 rw-p 00000000 00:00 0 
84378000-843a1000 r-xp 00000000 08:01 52102      /lib/i386-linux-gnu/libpng12.so.0.54.0
843a1000-843a2000 r--p 00028000 08:01 52102      /lib/i386-linux-gnu/libpng12.so.0.54.0
843a2000-843a3000 rw-p 00029000 08:01 52102      /lib/i386-linux-gnu/libpng12.so.0.54.0
843a3000-843c7000 r-xp 00000000 08:01 7409       /usr/lib/i386-linux-gnu/libxcb.so.1.1.0
843c7000-843c8000 r--p 00023000 08:01 7409       /usr/lib/i386-linux-gnu/libxcb.so.1.1.0
843c8000-843c9000 rw-p 00024000 08:01 7409       /usr/lib/i386-linux-gnu/libxcb.so.1.1.0
843c9000-8450f000 r-xp 00000000 08:01 7417       /usr/lib/i386-linux-gnu/libX11.so.6.3.0
8450f000-84510000 ---p 00146000 08:01 7417       /usr/lib/i386-linux-gnu/libX11.so.6.3.0
84510000-84511000 r--p 00146000 08:01 7417       /usr/lib/i386-linux-gnu/libX11.so.6.3.0
84511000-84513000 rw-p 00147000 08:01 7417       /usr/lib/i386-linux-gnu/libX11.so.6.3.0
84513000-84514000 rw-p 00000000 00:00 0 
84514000-84568000 r-xp 00000000 08:01 265480     /usr/lib/jvm/java-9-openjdk-i386/lib/i386/libawt_xawt.so
84568000-84569000 r--p 00053000 08:01 265480     /usr/lib/jvm/java-9-openjdk-i386/lib/i386/libawt_xawt.so
84569000-8456b000 rw-p 00054000 08:01 265480     /usr/lib/jvm/java-9-openjdk-i386/lib/i386/libawt_xawt.so
8456b000-8456c000 rw-p 00000000 00:00 0 
8456c000-84602000 r-xp 00000000 08:01 265448     /usr/lib/jvm/java-9-openjdk-i386/lib/i386/libawt.so
84602000-84603000 r--p 00095000 08:01 265448     /usr/lib/jvm/java-9-openjdk-i386/lib/i386/libawt.so
84603000-8460a000 rw-p 00096000 08:01 265448     /usr/lib/jvm/java-9-openjdk-i386/lib/i386/libawt.so
8460a000-8462e000 rw-p 00000000 00:00 0 
8462e000-8462f000 ---p 00000000 00:00 0 
8462f000-846af000 rw-p 00000000 00:00 0 
846af000-846b3000 ---p 00000000 00:00 0 
846b3000-84700000 rw-p 00000000 00:00 0 
84700000-847fe000 rw-p 00000000 00:00 0 
847fe000-84800000 ---p 00000000 00:00 0 
84809000-84813000 r-xp 00000000 08:01 11485      /usr/lib/i386-linux-gnu/libXcursor.so.1.0.2
84813000-84814000 r--p 00009000 08:01 11485      /usr/lib/i386-linux-gnu/libXcursor.so.1.0.2
84814000-84815000 rw-p 0000a000 08:01 11485      /usr/lib/i386-linux-gnu/libXcursor.so.1.0.2
84815000-84819000 ---p 00000000 00:00 0 
84819000-86467000 rw-p 00000000 00:00 0 
86467000-8646b000 ---p 00000000 00:00 0 
8646b000-864b8000 rw-p 00000000 00:00 0 
864b8000-864bc000 ---p 00000000 00:00 0 
864bc000-86539000 rw-p 00000000 00:00 0 
86539000-8653d000 ---p 00000000 00:00 0 
8653d000-865ba000 rw-p 00000000 00:00 0 
865ba000-865be000 ---p 00000000 00:00 0 
865be000-8663b000 rw-p 00000000 00:00 0 
8663b000-8663f000 ---p 00000000 00:00 0 
8663f000-8668c000 rw-p 00000000 00:00 0 
8668c000-86690000 ---p 00000000 00:00 0 
86690000-866dd000 rw-p 00000000 00:00 0 
866dd000-868dd000 r--p 00000000 08:01 3770       /usr/lib/locale/locale-archive
868dd000-868e1000 ---p 00000000 00:00 0 
868e1000-8692e000 rw-p 00000000 00:00 0 
8692e000-86932000 ---p 00000000 00:00 0 
86932000-8697f000 rw-p 00000000 00:00 0 
8697f000-86980000 ---p 00000000 00:00 0 
86980000-86a00000 rw-p 00000000 00:00 0 
86a00000-86aff000 rw-p 00000000 00:00 0 
86aff000-86b00000 ---p 00000000 00:00 0 
86b04000-86b15000 r-xp 00000000 08:01 11178      /usr/lib/i386-linux-gnu/libXi.so.6.1.0
86b15000-86b16000 r--p 00010000 08:01 11178      /usr/lib/i386-linux-gnu/libXi.so.6.1.0
86b16000-86b17000 rw-p 00011000 08:01 11178      /usr/lib/i386-linux-gnu/libXi.so.6.1.0
86b17000-86f5d000 rw-p 00000000 00:00 0 
86f5d000-86f63000 ---p 00000000 00:00 0 
86f63000-86f64000 ---p 00000000 00:00 0 
86f64000-87064000 rw-p 00000000 00:00 0 
87064000-87784000 ---p 00000000 00:00 0 
87784000-87804000 rw-p 00000000 00:00 0 
87804000-87f24000 ---p 00000000 00:00 0 
87f24000-87f34000 rw-p 00000000 00:00 0 
87f34000-88018000 ---p 00000000 00:00 0 
88018000-88028000 rw-p 00000000 00:00 0 
88028000-88200000 ---p 00000000 00:00 0 
88200000-8a200000 rw-p 00000000 00:00 0 
8a200000-a6a00000 ---p 00000000 00:00 0 
a6a03000-a6a08000 r-xp 00000000 08:01 9653       /usr/lib/i386-linux-gnu/libXfixes.so.3.1.0
a6a08000-a6a09000 r--p 00004000 08:01 9653       /usr/lib/i386-linux-gnu/libXfixes.so.3.1.0
a6a09000-a6a0a000 rw-p 00005000 08:01 9653       /usr/lib/i386-linux-gnu/libXfixes.so.3.1.0
a6a0a000-a6a0b000 ---p 00000000 00:00 0 
a6a0b000-a6a9b000 rw-p 00000000 00:00 0 
a6a9b000-a6b7f000 ---p 00000000 00:00 0 
a6b7f000-a6b80000 ---p 00000000 00:00 0 
a6b80000-a6c00000 rw-p 00000000 00:00 0 
a6c00000-a6d00000 rw-p 00000000 00:00 0 
a6d05000-a6d0a000 r-xp 00000000 08:01 7405       /usr/lib/i386-linux-gnu/libXdmcp.so.6.0.0
a6d0a000-a6d0b000 r--p 00004000 08:01 7405       /usr/lib/i386-linux-gnu/libXdmcp.so.6.0.0
a6d0b000-a6d0c000 rw-p 00005000 08:01 7405       /usr/lib/i386-linux-gnu/libXdmcp.so.6.0.0
a6d0c000-a6d11000 r-xp 00000000 08:01 11065      /usr/lib/i386-linux-gnu/libXtst.so.6.1.0
a6d11000-a6d12000 r--p 00004000 08:01 11065      /usr/lib/i386-linux-gnu/libXtst.so.6.1.0
a6d12000-a6d13000 rw-p 00005000 08:01 11065      /usr/lib/i386-linux-gnu/libXtst.so.6.1.0
a6d13000-a6d6e000 rw-p 00000000 00:00 0 
a6d6e000-a6d6f000 ---p 00000000 00:00 0 
a6d6f000-a6def000 rw-p 00000000 00:00 0 
a6def000-a6df0000 ---p 00000000 00:00 0 
a6df0000-a6e70000 rw-p 00000000 00:00 0 
a6e73000-a6e7d000 r-xp 00000000 08:01 9657       /usr/lib/i386-linux-gnu/libXrender.so.1.3.0
a6e7d000-a6e7e000 r--p 00009000 08:01 9657       /usr/lib/i386-linux-gnu/libXrender.so.1.3.0
a6e7e000-a6e7f000 rw-p 0000a000 08:01 9657       /usr/lib/i386-linux-gnu/libXrender.so.1.3.0
a6e7f000-a6e80000 ---p 00000000 00:00 0 
a6e80000-a6f00000 rw-p 00000000 00:00 0 
a6f00000-a6f21000 rw-p 00000000 00:00 0 
a6f21000-a7000000 ---p 00000000 00:00 0 
a7003000-a7016000 r-xp 00000000 08:01 7423       /usr/lib/i386-linux-gnu/libXext.so.6.4.0
a7016000-a7017000 r--p 00012000 08:01 7423       /usr/lib/i386-linux-gnu/libXext.so.6.4.0
a7017000-a7018000 rw-p 00013000 08:01 7423       /usr/lib/i386-linux-gnu/libXext.so.6.4.0
a7026000-a703b000 r-xp 00000000 08:01 265450     /usr/lib/jvm/java-9-openjdk-i386/lib/i386/libnet.so
a703b000-a703c000 r--p 00014000 08:01 265450     /usr/lib/jvm/java-9-openjdk-i386/lib/i386/libnet.so
a703c000-a703d000 rw-p 00015000 08:01 265450     /usr/lib/jvm/java-9-openjdk-i386/lib/i386/libnet.so
a703d000-a704e000 r-xp 00000000 08:01 265481     /usr/lib/jvm/java-9-openjdk-i386/lib/i386/libnio.so
a704e000-a704f000 r--p 00010000 08:01 265481     /usr/lib/jvm/java-9-openjdk-i386/lib/i386/libnio.so
a704f000-a7050000 rw-p 00011000 08:01 265481     /usr/lib/jvm/java-9-openjdk-i386/lib/i386/libnio.so
a7050000-a7070000 rw-p 00000000 00:00 0 
a7070000-a7071000 ---p 00000000 00:00 0 
a7071000-a70f6000 rw-p 00000000 00:00 0 
a70f6000-a71dc000 ---p 00000000 00:00 0 
a71dc000-a71e1000 rw-p 00000000 00:00 0 
a71e1000-a72c7000 ---p 00000000 00:00 0 
a72c7000-a72cc000 rw-p 00000000 00:00 0 
a72cc000-a72d2000 ---p 00000000 00:00 0 
a72d2000-a7512000 rwxp 00000000 00:00 0 
a7512000-a781b000 ---p 00000000 00:00 0 
a781b000-a7a5b000 rwxp 00000000 00:00 0 
a7a5b000-aed76000 ---p 00000000 00:00 0 
aed76000-aefb6000 rwxp 00000000 00:00 0 
aefb6000-b62d2000 ---p 00000000 00:00 0 
b62d2000-b648d000 r--s 00000000 08:01 265437     /usr/lib/jvm/java-9-openjdk-i386/lib/modules
b648d000-b6492000 r-xp 00000000 08:01 265464     /usr/lib/jvm/java-9-openjdk-i386/lib/i386/libjimage.so
b6492000-b6493000 r--p 00004000 08:01 265464     /usr/lib/jvm/java-9-openjdk-i386/lib/i386/libjimage.so
b6493000-b6494000 rw-p 00005000 08:01 265464     /usr/lib/jvm/java-9-openjdk-i386/lib/i386/libjimage.so
b6494000-b649b000 r-xp 00000000 08:01 265460     /usr/lib/jvm/java-9-openjdk-i386/lib/i386/libzip.so
b649b000-b649c000 r--p 00006000 08:01 265460     /usr/lib/jvm/java-9-openjdk-i386/lib/i386/libzip.so
b649c000-b649d000 rw-p 00007000 08:01 265460     /usr/lib/jvm/java-9-openjdk-i386/lib/i386/libzip.so
b649d000-b64a8000 r-xp 00000000 08:01 52161      /lib/i386-linux-gnu/libnss_files-2.23.so
b64a8000-b64a9000 r--p 0000a000 08:01 52161      /lib/i386-linux-gnu/libnss_files-2.23.so
b64a9000-b64aa000 rw-p 0000b000 08:01 52161      /lib/i386-linux-gnu/libnss_files-2.23.so
b64aa000-b64b0000 rw-p 00000000 00:00 0 
b64b0000-b64bb000 r-xp 00000000 08:01 52164      /lib/i386-linux-gnu/libnss_nis-2.23.so
b64bb000-b64bc000 r--p 0000a000 08:01 52164      /lib/i386-linux-gnu/libnss_nis-2.23.so
b64bc000-b64bd000 rw-p 0000b000 08:01 52164      /lib/i386-linux-gnu/libnss_nis-2.23.so
b64bd000-b64d4000 r-xp 00000000 08:01 52142      /lib/i386-linux-gnu/libnsl-2.23.so
b64d4000-b64d5000 r--p 00016000 08:01 52142      /lib/i386-linux-gnu/libnsl-2.23.so
b64d5000-b64d6000 rw-p 00017000 08:01 52142      /lib/i386-linux-gnu/libnsl-2.23.so
b64d6000-b64d8000 rw-p 00000000 00:00 0 
b64d8000-b64fe000 r-xp 00000000 08:01 265443     /usr/lib/jvm/java-9-openjdk-i386/lib/i386/libjava.so
b64fe000-b64ff000 r--p 00025000 08:01 265443     /usr/lib/jvm/java-9-openjdk-i386/lib/i386/libjava.so
b64ff000-b6500000 rw-p 00026000 08:01 265443     /usr/lib/jvm/java-9-openjdk-i386/lib/i386/libjava.so
b6500000-b6600000 rw-p 00000000 00:00 0 
b6602000-b660a000 r-xp 00000000 08:01 52156      /lib/i386-linux-gnu/libnss_compat-2.23.so
b660a000-b660b000 r--p 00007000 08:01 52156      /lib/i386-linux-gnu/libnss_compat-2.23.so
b660b000-b660c000 rw-p 00008000 08:01 52156      /lib/i386-linux-gnu/libnss_compat-2.23.so
b660e000-b6610000 r-xp 00000000 08:01 7401       /usr/lib/i386-linux-gnu/libXau.so.6.0.0
b6610000-b6611000 r--p 00001000 08:01 7401       /usr/lib/i386-linux-gnu/libXau.so.6.0.0
b6611000-b6612000 rw-p 00002000 08:01 7401       /usr/lib/i386-linux-gnu/libXau.so.6.0.0
b6612000-b661a000 rw-s 00000000 08:01 539170     /tmp/hsperfdata_luke/20699
b661a000-b661b000 rw-p 00000000 00:00 0 
b661b000-b661c000 r--p 00000000 00:00 0 
b661c000-b6623000 r-xp 00000000 08:01 52166      /lib/i386-linux-gnu/librt-2.23.so
b6623000-b6624000 r--p 00006000 08:01 52166      /lib/i386-linux-gnu/librt-2.23.so
b6624000-b6625000 rw-p 00007000 08:01 52166      /lib/i386-linux-gnu/librt-2.23.so
b6625000-b6629000 ---p 00000000 00:00 0 
b6629000-b6676000 rw-p 00000000 00:00 0 
b6676000-b6692000 r-xp 00000000 08:01 51908      /lib/i386-linux-gnu/libgcc_s.so.1
b6692000-b6693000 rw-p 0001b000 08:01 51908      /lib/i386-linux-gnu/libgcc_s.so.1
b6693000-b66e6000 r-xp 00000000 08:01 52141      /lib/i386-linux-gnu/libm-2.23.so
b66e6000-b66e7000 r--p 00052000 08:01 52141      /lib/i386-linux-gnu/libm-2.23.so
b66e7000-b66e8000 rw-p 00053000 08:01 52141      /lib/i386-linux-gnu/libm-2.23.so
b66e8000-b6855000 r-xp 00000000 08:01 1273       /usr/lib/i386-linux-gnu/libstdc++.so.6.0.21
b6855000-b6856000 ---p 0016d000 08:01 1273       /usr/lib/i386-linux-gnu/libstdc++.so.6.0.21
b6856000-b685b000 r--p 0016d000 08:01 1273       /usr/lib/i386-linux-gnu/libstdc++.so.6.0.21
b685b000-b685c000 rw-p 00172000 08:01 1273       /usr/lib/i386-linux-gnu/libstdc++.so.6.0.21
b685c000-b685f000 rw-p 00000000 00:00 0 
b685f000-b748b000 r-xp 00000000 08:01 265457     /usr/lib/jvm/java-9-openjdk-i386/lib/i386/server/libjvm.so
b748b000-b74e0000 r--p 00c2b000 08:01 265457     /usr/lib/jvm/java-9-openjdk-i386/lib/i386/server/libjvm.so
b74e0000-b74fe000 rw-p 00c80000 08:01 265457     /usr/lib/jvm/java-9-openjdk-i386/lib/i386/server/libjvm.so
b74fe000-b7526000 rw-p 00000000 00:00 0 
b7526000-b753f000 r-xp 00000000 08:01 52145      /lib/i386-linux-gnu/libpthread-2.23.so
b753f000-b7540000 r--p 00018000 08:01 52145      /lib/i386-linux-gnu/libpthread-2.23.so
b7540000-b7541000 rw-p 00019000 08:01 52145      /lib/i386-linux-gnu/libpthread-2.23.so
b7541000-b7544000 rw-p 00000000 00:00 0 
b7544000-b7547000 r-xp 00000000 08:01 52148      /lib/i386-linux-gnu/libdl-2.23.so
b7547000-b7548000 r--p 00002000 08:01 52148      /lib/i386-linux-gnu/libdl-2.23.so
b7548000-b7549000 rw-p 00003000 08:01 52148      /lib/i386-linux-gnu/libdl-2.23.so
b7549000-b7562000 r-xp 00000000 08:01 51962      /lib/i386-linux-gnu/libz.so.1.2.8
b7562000-b7563000 r--p 00018000 08:01 51962      /lib/i386-linux-gnu/libz.so.1.2.8
b7563000-b7564000 rw-p 00019000 08:01 51962      /lib/i386-linux-gnu/libz.so.1.2.8
b7564000-b7714000 r-xp 00000000 08:01 52146      /lib/i386-linux-gnu/libc-2.23.so
b7714000-b7716000 r--p 001af000 08:01 52146      /lib/i386-linux-gnu/libc-2.23.so
b7716000-b7717000 rw-p 001b1000 08:01 52146      /lib/i386-linux-gnu/libc-2.23.so
b7717000-b771a000 rw-p 00000000 00:00 0 
b771a000-b7725000 r-xp 00000000 08:01 265444     /usr/lib/jvm/java-9-openjdk-i386/lib/i386/libverify.so
b7725000-b7726000 ---p 0000b000 08:01 265444     /usr/lib/jvm/java-9-openjdk-i386/lib/i386/libverify.so
b7726000-b7727000 r--p 0000b000 08:01 265444     /usr/lib/jvm/java-9-openjdk-i386/lib/i386/libverify.so
b7727000-b7728000 rw-p 0000c000 08:01 265444     /usr/lib/jvm/java-9-openjdk-i386/lib/i386/libverify.so
b7728000-b7736000 r-xp 00000000 08:01 265478     /usr/lib/jvm/java-9-openjdk-i386/lib/i386/jli/libjli.so
b7736000-b7737000 r--p 0000d000 08:01 265478     /usr/lib/jvm/java-9-openjdk-i386/lib/i386/jli/libjli.so
b7737000-b7738000 rw-p 0000e000 08:01 265478     /usr/lib/jvm/java-9-openjdk-i386/lib/i386/jli/libjli.so
b7738000-b7739000 rw-p 00000000 00:00 0 
b7739000-b773c000 r--p 00000000 00:00 0          [vvar]
b773c000-b773d000 r-xp 00000000 00:00 0          [vdso]
b773d000-b7760000 r-xp 00000000 08:01 52143      /lib/i386-linux-gnu/ld-2.23.so
b7760000-b7761000 r--p 00022000 08:01 52143      /lib/i386-linux-gnu/ld-2.23.so
b7761000-b7762000 rw-p 00023000 08:01 52143      /lib/i386-linux-gnu/ld-2.23.so
bf973000-bf994000 rw-p 00000000 00:00 0          [stack]

VM Arguments:
java_command: DialogBoxDemo1
java_class_path (initial): .
Launcher Type: SUN_STANDARD

Environment Variables:
PATH=/home/luke/bin:/home/luke/.local/bin:/usr/local/sbin:/usr/local/bin:/usr/sbin:/usr/bin:/sbin:/bin:/usr/games:/usr/local/games
SHELL=/bin/bash
DISPLAY=:0

Signal Handlers:
SIGSEGV: [libjvm.so+0x9e08a0], sa_mask[0]=11111111011111111101111111111110, sa_flags=SA_RESTART|SA_SIGINFO
SIGBUS: [libjvm.so+0x9e08a0], sa_mask[0]=11111111011111111101111111111110, sa_flags=SA_RESTART|SA_SIGINFO
SIGFPE: [libjvm.so+0x9e08a0], sa_mask[0]=11111111011111111101111111111110, sa_flags=SA_RESTART|SA_SIGINFO
SIGPIPE: [libjvm.so+0x832630], sa_mask[0]=11111111011111111101111111111110, sa_flags=SA_RESTART|SA_SIGINFO
SIGXFSZ: [libjvm.so+0x832630], sa_mask[0]=11111111011111111101111111111110, sa_flags=SA_RESTART|SA_SIGINFO
SIGILL: [libjvm.so+0x9e08a0], sa_mask[0]=11111111011111111101111111111110, sa_flags=SA_RESTART|SA_SIGINFO
SIGUSR2: [libjvm.so+0x832460], sa_mask[0]=00000000000000000000000000000000, sa_flags=SA_RESTART|SA_SIGINFO
SIGHUP: [libjvm.so+0x8328a0], sa_mask[0]=11111111011111111101111111111110, sa_flags=SA_RESTART|SA_SIGINFO
SIGINT: [libjvm.so+0x8328a0], sa_mask[0]=11111111011111111101111111111110, sa_flags=SA_RESTART|SA_SIGINFO
SIGTERM: [libjvm.so+0x8328a0], sa_mask[0]=11111111011111111101111111111110, sa_flags=SA_RESTART|SA_SIGINFO
SIGQUIT: [libjvm.so+0x8328a0], sa_mask[0]=11111111011111111101111111111110, sa_flags=SA_RESTART|SA_SIGINFO


---------------  S Y S T E M  ---------------

OS:DISTRIB_ID=Trisquel
DISTRIB_RELEASE=8.0
DISTRIB_CODENAME=flidas
DISTRIB_DESCRIPTION="Trisquel GNU/Linux 8.0, Flidas"
uname:Linux 4.4.0-137-generic #163+8.0trisquel2 SMP Tue Oct 2 12:15:54 UTC 2018 i686
libc:glibc 2.23 NPTL 2.23 
rlimit: STACK 8192k, CORE 0k, NPROC 15414, NOFILE 1048576, AS infinity
load average:0.17 0.08 0.09

/proc/meminfo:
MemTotal:        1995212 kB
MemFree:          936100 kB
MemAvailable:    1578736 kB
Buffers:           89456 kB
Cached:           759196 kB
SwapCached:         2336 kB
Active:           455376 kB
Inactive:         472588 kB
Active(anon):      54008 kB
Inactive(anon):    73932 kB
Active(file):     401368 kB
Inactive(file):   398656 kB
Unevictable:           0 kB
Mlocked:               0 kB
HighTotal:       1116804 kB
HighFree:         583828 kB
LowTotal:         878408 kB
LowFree:          352272 kB
SwapTotal:        998396 kB
SwapFree:         980936 kB
Dirty:                36 kB
Writeback:             0 kB
AnonPages:         77088 kB
Mapped:            77868 kB
Shmem:             48712 kB
Slab:             103040 kB
SReclaimable:      89740 kB
SUnreclaim:        13300 kB
KernelStack:        1584 kB
PageTables:         2612 kB
NFS_Unstable:          0 kB
Bounce:                0 kB
WritebackTmp:          0 kB
CommitLimit:     1996000 kB
Committed_AS:     836216 kB
VmallocTotal:     122880 kB
VmallocUsed:           0 kB
VmallocChunk:          0 kB
AnonHugePages:         0 kB
CmaTotal:              0 kB
CmaFree:               0 kB
HugePages_Total:       0
HugePages_Free:        0
HugePages_Rsvd:        0
HugePages_Surp:        0
Hugepagesize:       2048 kB
DirectMap4k:       38904 kB
DirectMap2M:      874496 kB


CPU:total 2 (2 cores per cpu, 1 threads per core) family 6 model 14 stepping 12, cmov, cx8, fxsr, mmx, sse, sse2, sse3, tsc

CPU Model and flags from /proc/cpuinfo:
model name	: Intel(R) Core(TM) Duo CPU      L2400  @ 1.66GHz
flags		: fpu vme de pse tsc msr pae mce cx8 apic sep mtrr pge mca cmov clflush dts acpi mmx fxsr sse sse2 ss ht tm pbe nx constant_tsc arch_perfmon bts aperfmperf pni monitor vmx est tm2 xtpr pdcm dtherm

Memory: 4k page, physical 1995212k(936100k free), swap 998396k(980936k free)

vm_info: OpenJDK Server VM (9-internal+0-2016-04-14-195526.buildd.src) for linux-x86 JRE (9-internal+0-2016-04-14-195526.buildd.src), built on Apr 14 2016 20:15:09 by "buildd" with gcc 5.3.1 20160413

END.
